2021-09-20 10:01:56.176  INFO 1093 --- [main] d.t.f.FoodOrderBotApplication            : Starting FoodOrderBotApplication using Java 13.0.2 on Adams-MBP.lan with PID 1093 (/Users/adamnegaard/Desktop/foodOrderBot/build/classes/java/main started by adamnegaard in /Users/adamnegaard/Desktop/foodOrderBot)
2021-09-20 10:01:56.180  INFO 1093 --- [main] d.t.f.FoodOrderBotApplication            : No active profile set, falling back to default profiles: default
2021-09-20 10:01:56.865  INFO 1093 --- [main] .s.d.r.c.RepositoryConfigurationDelegate : Bootstrapping Spring Data JPA repositories in DEFAULT mode.
2021-09-20 10:01:56.918  INFO 1093 --- [main] .s.d.r.c.RepositoryConfigurationDelegate : Finished Spring Data repository scanning in 44 ms. Found 2 JPA repository interfaces.
2021-09-20 10:01:57.363  INFO 1093 --- [main] o.s.b.w.embedded.tomcat.TomcatWebServer  : Tomcat initialized with port(s): 8000 (http)
2021-09-20 10:01:57.369  INFO 1093 --- [main] o.apache.catalina.core.StandardService   : Starting service [Tomcat]
2021-09-20 10:01:57.370  INFO 1093 --- [main] org.apache.catalina.core.StandardEngine  : Starting Servlet engine: [Apache Tomcat/9.0.52]
2021-09-20 10:01:57.456  INFO 1093 --- [main] o.a.c.c.C.[Tomcat].[localhost].[/]       : Initializing Spring embedded WebApplicationContext
2021-09-20 10:01:57.456  INFO 1093 --- [main] w.s.c.ServletWebServerApplicationContext : Root WebApplicationContext: initialization completed in 1234 ms
2021-09-20 10:01:57.641  INFO 1093 --- [main] o.hibernate.jpa.internal.util.LogHelper  : HHH000204: Processing PersistenceUnitInfo [name: default]
2021-09-20 10:01:57.695  INFO 1093 --- [main] org.hibernate.Version                    : HHH000412: Hibernate ORM core version 5.4.32.Final
2021-09-20 10:01:57.849  INFO 1093 --- [main] o.hibernate.annotations.common.Version   : HCANN000001: Hibernate Commons Annotations {5.1.2.Final}
2021-09-20 10:01:57.959  INFO 1093 --- [main] com.zaxxer.hikari.HikariDataSource       : HikariPool-1 - Starting...
2021-09-20 10:01:58.101  INFO 1093 --- [main] com.zaxxer.hikari.HikariDataSource       : HikariPool-1 - Start completed.
2021-09-20 10:01:58.137  INFO 1093 --- [main] org.hibernate.dialect.Dialect            : HHH000400: Using dialect: org.hibernate.dialect.PostgreSQL10Dialect
2021-09-20 10:01:58.927  INFO 1093 --- [main] o.h.e.t.j.p.i.JtaPlatformInitiator       : HHH000490: Using JtaPlatform implementation: [org.hibernate.engine.transaction.jta.platform.internal.NoJtaPlatform]
2021-09-20 10:01:58.934  INFO 1093 --- [main] j.LocalContainerEntityManagerFactoryBean : Initialized JPA EntityManagerFactory for persistence unit 'default'
2021-09-20 10:02:00.206  WARN 1093 --- [main] com.slack.api.bolt.App                   : Skipped adding any authorization middleware - you need to call `app.use(new YourOwnMultiTeamsAuthorization())`
2021-09-20 10:02:00.422  WARN 1093 --- [main] JpaBaseConfiguration$JpaWebConfiguration : spring.jpa.open-in-view is enabled by default. Therefore, database queries may be performed during view rendering. Explicitly configure spring.jpa.open-in-view to disable this warning
2021-09-20 10:02:00.524  INFO 1093 --- [WebSocketConnectReadThread-50] c.s.api.socket_mode.SocketModeClient     : New session is open
2021-09-20 10:02:00.729  INFO 1093 --- [main] o.s.b.w.embedded.tomcat.TomcatWebServer  : Tomcat started on port(s): 8000 (http) with context path ''
2021-09-20 10:02:00.745  INFO 1093 --- [main] d.t.f.FoodOrderBotApplication            : Started FoodOrderBotApplication in 4.891 seconds (JVM running for 5.415)
2021-09-20 10:04:24.256  INFO 1093 --- [SpringApplicationShutdownHook] j.LocalContainerEntityManagerFactoryBean : Closing JPA EntityManagerFactory for persistence unit 'default'
2021-09-20 10:04:24.260  INFO 1093 --- [SpringApplicationShutdownHook] com.zaxxer.hikari.HikariDataSource       : HikariPool-1 - Shutdown initiated...
2021-09-20 10:04:24.266  INFO 1093 --- [SpringApplicationShutdownHook] com.zaxxer.hikari.HikariDataSource       : HikariPool-1 - Shutdown completed.
2021-09-20 10:04:26.941  INFO 1190 --- [main] d.t.f.FoodOrderBotApplication            : Starting FoodOrderBotApplication using Java 13.0.2 on Adams-MBP.lan with PID 1190 (/Users/adamnegaard/Desktop/foodOrderBot/build/classes/java/main started by adamnegaard in /Users/adamnegaard/Desktop/foodOrderBot)
2021-09-20 10:04:26.942  INFO 1190 --- [main] d.t.f.FoodOrderBotApplication            : No active profile set, falling back to default profiles: default
2021-09-20 10:04:27.386  INFO 1190 --- [main] .s.d.r.c.RepositoryConfigurationDelegate : Bootstrapping Spring Data JPA repositories in DEFAULT mode.
2021-09-20 10:04:27.433  INFO 1190 --- [main] .s.d.r.c.RepositoryConfigurationDelegate : Finished Spring Data repository scanning in 41 ms. Found 2 JPA repository interfaces.
2021-09-20 10:04:27.745  INFO 1190 --- [main] o.s.b.w.embedded.tomcat.TomcatWebServer  : Tomcat initialized with port(s): 8000 (http)
2021-09-20 10:04:27.749  INFO 1190 --- [main] o.apache.catalina.core.StandardService   : Starting service [Tomcat]
2021-09-20 10:04:27.750  INFO 1190 --- [main] org.apache.catalina.core.StandardEngine  : Starting Servlet engine: [Apache Tomcat/9.0.52]
2021-09-20 10:04:27.820  INFO 1190 --- [main] o.a.c.c.C.[Tomcat].[localhost].[/]       : Initializing Spring embedded WebApplicationContext
2021-09-20 10:04:27.821  INFO 1190 --- [main] w.s.c.ServletWebServerApplicationContext : Root WebApplicationContext: initialization completed in 854 ms
2021-09-20 10:04:27.924  INFO 1190 --- [main] o.hibernate.jpa.internal.util.LogHelper  : HHH000204: Processing PersistenceUnitInfo [name: default]
2021-09-20 10:04:27.948  INFO 1190 --- [main] org.hibernate.Version                    : HHH000412: Hibernate ORM core version 5.4.32.Final
2021-09-20 10:04:28.023  INFO 1190 --- [main] o.hibernate.annotations.common.Version   : HCANN000001: Hibernate Commons Annotations {5.1.2.Final}
2021-09-20 10:04:28.086  INFO 1190 --- [main] com.zaxxer.hikari.HikariDataSource       : HikariPool-1 - Starting...
2021-09-20 10:04:28.139  INFO 1190 --- [main] com.zaxxer.hikari.HikariDataSource       : HikariPool-1 - Start completed.
2021-09-20 10:04:28.156  INFO 1190 --- [main] org.hibernate.dialect.Dialect            : HHH000400: Using dialect: org.hibernate.dialect.PostgreSQL10Dialect
2021-09-20 10:04:28.587  INFO 1190 --- [main] o.h.e.t.j.p.i.JtaPlatformInitiator       : HHH000490: Using JtaPlatform implementation: [org.hibernate.engine.transaction.jta.platform.internal.NoJtaPlatform]
2021-09-20 10:04:28.592  INFO 1190 --- [main] j.LocalContainerEntityManagerFactoryBean : Initialized JPA EntityManagerFactory for persistence unit 'default'
2021-09-20 10:04:29.378  WARN 1190 --- [main] com.slack.api.bolt.App                   : Skipped adding any authorization middleware - you need to call `app.use(new YourOwnMultiTeamsAuthorization())`
2021-09-20 10:04:29.512  WARN 1190 --- [main] JpaBaseConfiguration$JpaWebConfiguration : spring.jpa.open-in-view is enabled by default. Therefore, database queries may be performed during view rendering. Explicitly configure spring.jpa.open-in-view to disable this warning
2021-09-20 10:04:29.702  INFO 1190 --- [WebSocketConnectReadThread-40] c.s.api.socket_mode.SocketModeClient     : New session is open
2021-09-20 10:04:29.736  INFO 1190 --- [main] o.s.b.w.embedded.tomcat.TomcatWebServer  : Tomcat started on port(s): 8000 (http) with context path ''
2021-09-20 10:04:29.747  INFO 1190 --- [main] d.t.f.FoodOrderBotApplication            : Started FoodOrderBotApplication in 3.036 seconds (JVM running for 3.481)
2021-09-20 10:14:37.407  INFO 1190 --- [SpringApplicationShutdownHook] j.LocalContainerEntityManagerFactoryBean : Closing JPA EntityManagerFactory for persistence unit 'default'
2021-09-20 10:14:37.409  INFO 1190 --- [SpringApplicationShutdownHook] com.zaxxer.hikari.HikariDataSource       : HikariPool-1 - Shutdown initiated...
2021-09-20 10:14:37.413  INFO 1190 --- [SpringApplicationShutdownHook] com.zaxxer.hikari.HikariDataSource       : HikariPool-1 - Shutdown completed.
2021-09-20 10:14:40.146  INFO 1383 --- [main] d.t.f.FoodOrderBotApplication            : Starting FoodOrderBotApplication using Java 13.0.2 on Adams-MBP.lan with PID 1383 (/Users/adamnegaard/Desktop/foodOrderBot/build/classes/java/main started by adamnegaard in /Users/adamnegaard/Desktop/foodOrderBot)
2021-09-20 10:14:40.149  INFO 1383 --- [main] d.t.f.FoodOrderBotApplication            : No active profile set, falling back to default profiles: default
2021-09-20 10:14:40.903  INFO 1383 --- [main] .s.d.r.c.RepositoryConfigurationDelegate : Bootstrapping Spring Data JPA repositories in DEFAULT mode.
2021-09-20 10:14:40.984  INFO 1383 --- [main] .s.d.r.c.RepositoryConfigurationDelegate : Finished Spring Data repository scanning in 68 ms. Found 2 JPA repository interfaces.
2021-09-20 10:14:41.385  INFO 1383 --- [main] o.s.b.w.embedded.tomcat.TomcatWebServer  : Tomcat initialized with port(s): 8000 (http)
2021-09-20 10:14:41.395  INFO 1383 --- [main] o.apache.catalina.core.StandardService   : Starting service [Tomcat]
2021-09-20 10:14:41.395  INFO 1383 --- [main] org.apache.catalina.core.StandardEngine  : Starting Servlet engine: [Apache Tomcat/9.0.52]
2021-09-20 10:14:41.494  INFO 1383 --- [main] o.a.c.c.C.[Tomcat].[localhost].[/]       : Initializing Spring embedded WebApplicationContext
2021-09-20 10:14:41.494  INFO 1383 --- [main] w.s.c.ServletWebServerApplicationContext : Root WebApplicationContext: initialization completed in 1254 ms
2021-09-20 10:14:41.694  INFO 1383 --- [main] o.hibernate.jpa.internal.util.LogHelper  : HHH000204: Processing PersistenceUnitInfo [name: default]
2021-09-20 10:14:41.725  INFO 1383 --- [main] org.hibernate.Version                    : HHH000412: Hibernate ORM core version 5.4.32.Final
2021-09-20 10:14:41.797  INFO 1383 --- [main] o.hibernate.annotations.common.Version   : HCANN000001: Hibernate Commons Annotations {5.1.2.Final}
2021-09-20 10:14:41.847  INFO 1383 --- [main] com.zaxxer.hikari.HikariDataSource       : HikariPool-1 - Starting...
2021-09-20 10:14:41.909  INFO 1383 --- [main] com.zaxxer.hikari.HikariDataSource       : HikariPool-1 - Start completed.
2021-09-20 10:14:41.934  INFO 1383 --- [main] org.hibernate.dialect.Dialect            : HHH000400: Using dialect: org.hibernate.dialect.PostgreSQL10Dialect
2021-09-20 10:14:42.473  INFO 1383 --- [main] o.h.e.t.j.p.i.JtaPlatformInitiator       : HHH000490: Using JtaPlatform implementation: [org.hibernate.engine.transaction.jta.platform.internal.NoJtaPlatform]
2021-09-20 10:14:42.478  INFO 1383 --- [main] j.LocalContainerEntityManagerFactoryBean : Initialized JPA EntityManagerFactory for persistence unit 'default'
2021-09-20 10:14:42.752  WARN 1383 --- [main] ConfigServletWebServerApplicationContext : Exception encountered during context initialization - cancelling refresh attempt: org.springframework.beans.factory.UnsatisfiedDependencyException: Error creating bean with name 'clientHandler' defined in file [/Users/adamnegaard/Desktop/foodOrderBot/build/classes/java/main/dk/themacs/foodOrderBot/ClientHandler.class]: Unsatisfied dependency expressed through constructor parameter 0; nested exception is org.springframework.beans.factory.UnsatisfiedDependencyException: Error creating bean with name 'slackSetup' defined in file [/Users/adamnegaard/Desktop/foodOrderBot/build/classes/java/main/dk/themacs/foodOrderBot/config/SlackSetup.class]: Unsatisfied dependency expressed through constructor parameter 2; nested exception is org.springframework.beans.factory.NoSuchBeanDefinitionException: No qualifying bean of type 'dk.themacs.foodOrderBot.CommandHandler' available: expected at least 1 bean which qualifies as autowire candidate. Dependency annotations: {}
2021-09-20 10:14:42.753  INFO 1383 --- [main] j.LocalContainerEntityManagerFactoryBean : Closing JPA EntityManagerFactory for persistence unit 'default'
2021-09-20 10:14:42.756  INFO 1383 --- [main] com.zaxxer.hikari.HikariDataSource       : HikariPool-1 - Shutdown initiated...
2021-09-20 10:14:42.764  INFO 1383 --- [main] com.zaxxer.hikari.HikariDataSource       : HikariPool-1 - Shutdown completed.
2021-09-20 10:14:42.767  INFO 1383 --- [main] o.apache.catalina.core.StandardService   : Stopping service [Tomcat]
2021-09-20 10:14:42.785  INFO 1383 --- [main] ConditionEvaluationReportLoggingListener : 

Error starting ApplicationContext. To display the conditions report re-run your application with 'debug' enabled.
2021-09-20 10:14:42.808 ERROR 1383 --- [main] o.s.b.d.LoggingFailureAnalysisReporter   : 

***************************
APPLICATION FAILED TO START
***************************

Description:

Parameter 2 of constructor in dk.themacs.foodOrderBot.config.SlackSetup required a bean of type 'dk.themacs.foodOrderBot.CommandHandler' that could not be found.


Action:

Consider defining a bean of type 'dk.themacs.foodOrderBot.CommandHandler' in your configuration.

2021-09-20 10:15:02.482  INFO 1407 --- [main] d.t.f.FoodOrderBotApplication            : Starting FoodOrderBotApplication using Java 13.0.2 on Adams-MBP.lan with PID 1407 (/Users/adamnegaard/Desktop/foodOrderBot/build/classes/java/main started by adamnegaard in /Users/adamnegaard/Desktop/foodOrderBot)
2021-09-20 10:15:02.484  INFO 1407 --- [main] d.t.f.FoodOrderBotApplication            : No active profile set, falling back to default profiles: default
2021-09-20 10:15:02.961  INFO 1407 --- [main] .s.d.r.c.RepositoryConfigurationDelegate : Bootstrapping Spring Data JPA repositories in DEFAULT mode.
2021-09-20 10:15:03.003  INFO 1407 --- [main] .s.d.r.c.RepositoryConfigurationDelegate : Finished Spring Data repository scanning in 35 ms. Found 2 JPA repository interfaces.
2021-09-20 10:15:03.384  INFO 1407 --- [main] o.s.b.w.embedded.tomcat.TomcatWebServer  : Tomcat initialized with port(s): 8000 (http)
2021-09-20 10:15:03.389  INFO 1407 --- [main] o.apache.catalina.core.StandardService   : Starting service [Tomcat]
2021-09-20 10:15:03.390  INFO 1407 --- [main] org.apache.catalina.core.StandardEngine  : Starting Servlet engine: [Apache Tomcat/9.0.52]
2021-09-20 10:15:03.457  INFO 1407 --- [main] o.a.c.c.C.[Tomcat].[localhost].[/]       : Initializing Spring embedded WebApplicationContext
2021-09-20 10:15:03.457  INFO 1407 --- [main] w.s.c.ServletWebServerApplicationContext : Root WebApplicationContext: initialization completed in 946 ms
2021-09-20 10:15:03.551  INFO 1407 --- [main] o.hibernate.jpa.internal.util.LogHelper  : HHH000204: Processing PersistenceUnitInfo [name: default]
2021-09-20 10:15:03.575  INFO 1407 --- [main] org.hibernate.Version                    : HHH000412: Hibernate ORM core version 5.4.32.Final
2021-09-20 10:15:03.659  INFO 1407 --- [main] o.hibernate.annotations.common.Version   : HCANN000001: Hibernate Commons Annotations {5.1.2.Final}
2021-09-20 10:15:03.729  INFO 1407 --- [main] com.zaxxer.hikari.HikariDataSource       : HikariPool-1 - Starting...
2021-09-20 10:15:03.805  INFO 1407 --- [main] com.zaxxer.hikari.HikariDataSource       : HikariPool-1 - Start completed.
2021-09-20 10:15:03.824  INFO 1407 --- [main] org.hibernate.dialect.Dialect            : HHH000400: Using dialect: org.hibernate.dialect.PostgreSQL10Dialect
2021-09-20 10:15:04.349  INFO 1407 --- [main] o.h.e.t.j.p.i.JtaPlatformInitiator       : HHH000490: Using JtaPlatform implementation: [org.hibernate.engine.transaction.jta.platform.internal.NoJtaPlatform]
2021-09-20 10:15:04.359  INFO 1407 --- [main] j.LocalContainerEntityManagerFactoryBean : Initialized JPA EntityManagerFactory for persistence unit 'default'
2021-09-20 10:15:04.582  WARN 1407 --- [main] ConfigServletWebServerApplicationContext : Exception encountered during context initialization - cancelling refresh attempt: org.springframework.beans.factory.UnsatisfiedDependencyException: Error creating bean with name 'clientHandler' defined in file [/Users/adamnegaard/Desktop/foodOrderBot/build/classes/java/main/dk/themacs/foodOrderBot/ClientHandler.class]: Unsatisfied dependency expressed through constructor parameter 0; nested exception is org.springframework.beans.factory.UnsatisfiedDependencyException: Error creating bean with name 'slackSetup' defined in file [/Users/adamnegaard/Desktop/foodOrderBot/build/classes/java/main/dk/themacs/foodOrderBot/config/SlackSetup.class]: Unsatisfied dependency expressed through constructor parameter 2; nested exception is org.springframework.beans.factory.NoSuchBeanDefinitionException: No qualifying bean of type 'dk.themacs.foodOrderBot.CommandHandler' available: expected at least 1 bean which qualifies as autowire candidate. Dependency annotations: {}
2021-09-20 10:15:04.583  INFO 1407 --- [main] j.LocalContainerEntityManagerFactoryBean : Closing JPA EntityManagerFactory for persistence unit 'default'
2021-09-20 10:15:04.585  INFO 1407 --- [main] com.zaxxer.hikari.HikariDataSource       : HikariPool-1 - Shutdown initiated...
2021-09-20 10:15:04.593  INFO 1407 --- [main] com.zaxxer.hikari.HikariDataSource       : HikariPool-1 - Shutdown completed.
2021-09-20 10:15:04.594  INFO 1407 --- [main] o.apache.catalina.core.StandardService   : Stopping service [Tomcat]
2021-09-20 10:15:04.605  INFO 1407 --- [main] ConditionEvaluationReportLoggingListener : 

Error starting ApplicationContext. To display the conditions report re-run your application with 'debug' enabled.
2021-09-20 10:15:04.615 ERROR 1407 --- [main] o.s.b.d.LoggingFailureAnalysisReporter   : 

***************************
APPLICATION FAILED TO START
***************************

Description:

Parameter 2 of constructor in dk.themacs.foodOrderBot.config.SlackSetup required a bean of type 'dk.themacs.foodOrderBot.CommandHandler' that could not be found.


Action:

Consider defining a bean of type 'dk.themacs.foodOrderBot.CommandHandler' in your configuration.

2021-09-20 10:15:16.816  INFO 1425 --- [main] d.t.f.FoodOrderBotApplication            : Starting FoodOrderBotApplication using Java 13.0.2 on Adams-MBP.lan with PID 1425 (/Users/adamnegaard/Desktop/foodOrderBot/build/classes/java/main started by adamnegaard in /Users/adamnegaard/Desktop/foodOrderBot)
2021-09-20 10:15:16.818  INFO 1425 --- [main] d.t.f.FoodOrderBotApplication            : No active profile set, falling back to default profiles: default
2021-09-20 10:15:17.263  INFO 1425 --- [main] .s.d.r.c.RepositoryConfigurationDelegate : Bootstrapping Spring Data JPA repositories in DEFAULT mode.
2021-09-20 10:15:17.318  INFO 1425 --- [main] .s.d.r.c.RepositoryConfigurationDelegate : Finished Spring Data repository scanning in 47 ms. Found 2 JPA repository interfaces.
2021-09-20 10:15:17.734  INFO 1425 --- [main] o.s.b.w.embedded.tomcat.TomcatWebServer  : Tomcat initialized with port(s): 8000 (http)
2021-09-20 10:15:17.739  INFO 1425 --- [main] o.apache.catalina.core.StandardService   : Starting service [Tomcat]
2021-09-20 10:15:17.739  INFO 1425 --- [main] org.apache.catalina.core.StandardEngine  : Starting Servlet engine: [Apache Tomcat/9.0.52]
2021-09-20 10:15:17.804  INFO 1425 --- [main] o.a.c.c.C.[Tomcat].[localhost].[/]       : Initializing Spring embedded WebApplicationContext
2021-09-20 10:15:17.804  INFO 1425 --- [main] w.s.c.ServletWebServerApplicationContext : Root WebApplicationContext: initialization completed in 959 ms
2021-09-20 10:15:17.900  INFO 1425 --- [main] o.hibernate.jpa.internal.util.LogHelper  : HHH000204: Processing PersistenceUnitInfo [name: default]
2021-09-20 10:15:17.937  INFO 1425 --- [main] org.hibernate.Version                    : HHH000412: Hibernate ORM core version 5.4.32.Final
2021-09-20 10:15:18.044  INFO 1425 --- [main] o.hibernate.annotations.common.Version   : HCANN000001: Hibernate Commons Annotations {5.1.2.Final}
2021-09-20 10:15:18.129  INFO 1425 --- [main] com.zaxxer.hikari.HikariDataSource       : HikariPool-1 - Starting...
2021-09-20 10:15:18.221  INFO 1425 --- [main] com.zaxxer.hikari.HikariDataSource       : HikariPool-1 - Start completed.
2021-09-20 10:15:18.248  INFO 1425 --- [main] org.hibernate.dialect.Dialect            : HHH000400: Using dialect: org.hibernate.dialect.PostgreSQL10Dialect
2021-09-20 10:15:18.821  INFO 1425 --- [main] o.h.e.t.j.p.i.JtaPlatformInitiator       : HHH000490: Using JtaPlatform implementation: [org.hibernate.engine.transaction.jta.platform.internal.NoJtaPlatform]
2021-09-20 10:15:18.826  INFO 1425 --- [main] j.LocalContainerEntityManagerFactoryBean : Initialized JPA EntityManagerFactory for persistence unit 'default'
2021-09-20 10:15:19.722  WARN 1425 --- [main] com.slack.api.bolt.App                   : Skipped adding any authorization middleware - you need to call `app.use(new YourOwnMultiTeamsAuthorization())`
2021-09-20 10:15:19.846  WARN 1425 --- [main] JpaBaseConfiguration$JpaWebConfiguration : spring.jpa.open-in-view is enabled by default. Therefore, database queries may be performed during view rendering. Explicitly configure spring.jpa.open-in-view to disable this warning
2021-09-20 10:15:20.125  INFO 1425 --- [WebSocketConnectReadThread-44] c.s.api.socket_mode.SocketModeClient     : New session is open
2021-09-20 10:15:20.132  INFO 1425 --- [main] o.s.b.w.embedded.tomcat.TomcatWebServer  : Tomcat started on port(s): 8000 (http) with context path ''
2021-09-20 10:15:20.153  INFO 1425 --- [main] d.t.f.FoodOrderBotApplication            : Started FoodOrderBotApplication in 3.648 seconds (JVM running for 4.187)
2021-09-20 10:31:08.311  INFO 1425 --- [SpringApplicationShutdownHook] j.LocalContainerEntityManagerFactoryBean : Closing JPA EntityManagerFactory for persistence unit 'default'
2021-09-20 10:31:08.314  INFO 1425 --- [SpringApplicationShutdownHook] com.zaxxer.hikari.HikariDataSource       : HikariPool-1 - Shutdown initiated...
2021-09-20 10:31:08.318  INFO 1425 --- [SpringApplicationShutdownHook] com.zaxxer.hikari.HikariDataSource       : HikariPool-1 - Shutdown completed.
2021-09-20 10:31:11.761  INFO 1835 --- [main] d.t.f.FoodOrderBotApplication            : Starting FoodOrderBotApplication using Java 13.0.2 on Adams-MBP.lan with PID 1835 (/Users/adamnegaard/Desktop/foodOrderBot/build/classes/java/main started by adamnegaard in /Users/adamnegaard/Desktop/foodOrderBot)
2021-09-20 10:31:11.764  INFO 1835 --- [main] d.t.f.FoodOrderBotApplication            : No active profile set, falling back to default profiles: default
2021-09-20 10:31:12.453  INFO 1835 --- [main] .s.d.r.c.RepositoryConfigurationDelegate : Bootstrapping Spring Data JPA repositories in DEFAULT mode.
2021-09-20 10:31:12.498  INFO 1835 --- [main] .s.d.r.c.RepositoryConfigurationDelegate : Finished Spring Data repository scanning in 38 ms. Found 2 JPA repository interfaces.
2021-09-20 10:31:12.964  INFO 1835 --- [main] o.s.b.w.embedded.tomcat.TomcatWebServer  : Tomcat initialized with port(s): 8000 (http)
2021-09-20 10:31:12.975  INFO 1835 --- [main] o.apache.catalina.core.StandardService   : Starting service [Tomcat]
2021-09-20 10:31:12.975  INFO 1835 --- [main] org.apache.catalina.core.StandardEngine  : Starting Servlet engine: [Apache Tomcat/9.0.52]
2021-09-20 10:31:13.093  INFO 1835 --- [main] o.a.c.c.C.[Tomcat].[localhost].[/]       : Initializing Spring embedded WebApplicationContext
2021-09-20 10:31:13.094  INFO 1835 --- [main] w.s.c.ServletWebServerApplicationContext : Root WebApplicationContext: initialization completed in 1273 ms
2021-09-20 10:31:13.239  INFO 1835 --- [main] o.hibernate.jpa.internal.util.LogHelper  : HHH000204: Processing PersistenceUnitInfo [name: default]
2021-09-20 10:31:13.289  INFO 1835 --- [main] org.hibernate.Version                    : HHH000412: Hibernate ORM core version 5.4.32.Final
2021-09-20 10:31:13.422  INFO 1835 --- [main] o.hibernate.annotations.common.Version   : HCANN000001: Hibernate Commons Annotations {5.1.2.Final}
2021-09-20 10:31:13.509  INFO 1835 --- [main] com.zaxxer.hikari.HikariDataSource       : HikariPool-1 - Starting...
2021-09-20 10:31:13.580  INFO 1835 --- [main] com.zaxxer.hikari.HikariDataSource       : HikariPool-1 - Start completed.
2021-09-20 10:31:13.595  INFO 1835 --- [main] org.hibernate.dialect.Dialect            : HHH000400: Using dialect: org.hibernate.dialect.PostgreSQL10Dialect
2021-09-20 10:31:14.217  INFO 1835 --- [main] o.h.e.t.j.p.i.JtaPlatformInitiator       : HHH000490: Using JtaPlatform implementation: [org.hibernate.engine.transaction.jta.platform.internal.NoJtaPlatform]
2021-09-20 10:31:14.226  INFO 1835 --- [main] j.LocalContainerEntityManagerFactoryBean : Initialized JPA EntityManagerFactory for persistence unit 'default'
2021-09-20 10:31:15.297  WARN 1835 --- [main] com.slack.api.bolt.App                   : Skipped adding any authorization middleware - you need to call `app.use(new YourOwnMultiTeamsAuthorization())`
2021-09-20 10:31:15.547  WARN 1835 --- [main] JpaBaseConfiguration$JpaWebConfiguration : spring.jpa.open-in-view is enabled by default. Therefore, database queries may be performed during view rendering. Explicitly configure spring.jpa.open-in-view to disable this warning
2021-09-20 10:31:15.622  INFO 1835 --- [WebSocketConnectReadThread-47] c.s.api.socket_mode.SocketModeClient     : New session is open
2021-09-20 10:31:15.935  INFO 1835 --- [main] o.s.b.w.embedded.tomcat.TomcatWebServer  : Tomcat started on port(s): 8000 (http) with context path ''
2021-09-20 10:31:15.950  INFO 1835 --- [main] d.t.f.FoodOrderBotApplication            : Started FoodOrderBotApplication in 4.532 seconds (JVM running for 5.651)
2021-09-20 10:32:23.200  INFO 1835 --- [SpringApplicationShutdownHook] j.LocalContainerEntityManagerFactoryBean : Closing JPA EntityManagerFactory for persistence unit 'default'
2021-09-20 10:32:23.203  INFO 1835 --- [SpringApplicationShutdownHook] com.zaxxer.hikari.HikariDataSource       : HikariPool-1 - Shutdown initiated...
2021-09-20 10:32:23.209  INFO 1835 --- [SpringApplicationShutdownHook] com.zaxxer.hikari.HikariDataSource       : HikariPool-1 - Shutdown completed.
2021-09-20 10:32:25.498  INFO 1870 --- [main] d.t.f.FoodOrderBotApplication            : Starting FoodOrderBotApplication using Java 13.0.2 on Adams-MBP.lan with PID 1870 (/Users/adamnegaard/Desktop/foodOrderBot/build/classes/java/main started by adamnegaard in /Users/adamnegaard/Desktop/foodOrderBot)
2021-09-20 10:32:25.500  INFO 1870 --- [main] d.t.f.FoodOrderBotApplication            : No active profile set, falling back to default profiles: default
2021-09-20 10:32:26.162  INFO 1870 --- [main] .s.d.r.c.RepositoryConfigurationDelegate : Bootstrapping Spring Data JPA repositories in DEFAULT mode.
2021-09-20 10:32:26.202  INFO 1870 --- [main] .s.d.r.c.RepositoryConfigurationDelegate : Finished Spring Data repository scanning in 33 ms. Found 2 JPA repository interfaces.
2021-09-20 10:32:26.603  INFO 1870 --- [main] o.s.b.w.embedded.tomcat.TomcatWebServer  : Tomcat initialized with port(s): 8000 (http)
2021-09-20 10:32:26.609  INFO 1870 --- [main] o.apache.catalina.core.StandardService   : Starting service [Tomcat]
2021-09-20 10:32:26.609  INFO 1870 --- [main] org.apache.catalina.core.StandardEngine  : Starting Servlet engine: [Apache Tomcat/9.0.52]
2021-09-20 10:32:26.687  INFO 1870 --- [main] o.a.c.c.C.[Tomcat].[localhost].[/]       : Initializing Spring embedded WebApplicationContext
2021-09-20 10:32:26.687  INFO 1870 --- [main] w.s.c.ServletWebServerApplicationContext : Root WebApplicationContext: initialization completed in 1158 ms
2021-09-20 10:32:26.865  INFO 1870 --- [main] o.hibernate.jpa.internal.util.LogHelper  : HHH000204: Processing PersistenceUnitInfo [name: default]
2021-09-20 10:32:26.912  INFO 1870 --- [main] org.hibernate.Version                    : HHH000412: Hibernate ORM core version 5.4.32.Final
2021-09-20 10:32:27.041  INFO 1870 --- [main] o.hibernate.annotations.common.Version   : HCANN000001: Hibernate Commons Annotations {5.1.2.Final}
2021-09-20 10:32:27.112  INFO 1870 --- [main] com.zaxxer.hikari.HikariDataSource       : HikariPool-1 - Starting...
2021-09-20 10:32:27.171  INFO 1870 --- [main] com.zaxxer.hikari.HikariDataSource       : HikariPool-1 - Start completed.
2021-09-20 10:32:27.189  INFO 1870 --- [main] org.hibernate.dialect.Dialect            : HHH000400: Using dialect: org.hibernate.dialect.PostgreSQL10Dialect
2021-09-20 10:32:27.678  INFO 1870 --- [main] o.h.e.t.j.p.i.JtaPlatformInitiator       : HHH000490: Using JtaPlatform implementation: [org.hibernate.engine.transaction.jta.platform.internal.NoJtaPlatform]
2021-09-20 10:32:27.688  INFO 1870 --- [main] j.LocalContainerEntityManagerFactoryBean : Initialized JPA EntityManagerFactory for persistence unit 'default'
2021-09-20 10:32:28.580  WARN 1870 --- [main] com.slack.api.bolt.App                   : Skipped adding any authorization middleware - you need to call `app.use(new YourOwnMultiTeamsAuthorization())`
2021-09-20 10:32:28.768  WARN 1870 --- [main] JpaBaseConfiguration$JpaWebConfiguration : spring.jpa.open-in-view is enabled by default. Therefore, database queries may be performed during view rendering. Explicitly configure spring.jpa.open-in-view to disable this warning
2021-09-20 10:32:30.670  INFO 1888 --- [main] d.t.f.FoodOrderBotApplication            : Starting FoodOrderBotApplication using Java 13.0.2 on Adams-MBP.lan with PID 1888 (/Users/adamnegaard/Desktop/foodOrderBot/build/classes/java/main started by adamnegaard in /Users/adamnegaard/Desktop/foodOrderBot)
2021-09-20 10:32:30.672  INFO 1888 --- [main] d.t.f.FoodOrderBotApplication            : No active profile set, falling back to default profiles: default
2021-09-20 10:32:31.326  INFO 1888 --- [main] .s.d.r.c.RepositoryConfigurationDelegate : Bootstrapping Spring Data JPA repositories in DEFAULT mode.
2021-09-20 10:32:31.363  INFO 1888 --- [main] .s.d.r.c.RepositoryConfigurationDelegate : Finished Spring Data repository scanning in 31 ms. Found 2 JPA repository interfaces.
2021-09-20 10:32:31.730  INFO 1888 --- [main] o.s.b.w.embedded.tomcat.TomcatWebServer  : Tomcat initialized with port(s): 8000 (http)
2021-09-20 10:32:31.735  INFO 1888 --- [main] o.apache.catalina.core.StandardService   : Starting service [Tomcat]
2021-09-20 10:32:31.735  INFO 1888 --- [main] org.apache.catalina.core.StandardEngine  : Starting Servlet engine: [Apache Tomcat/9.0.52]
2021-09-20 10:32:31.806  INFO 1888 --- [main] o.a.c.c.C.[Tomcat].[localhost].[/]       : Initializing Spring embedded WebApplicationContext
2021-09-20 10:32:31.806  INFO 1888 --- [main] w.s.c.ServletWebServerApplicationContext : Root WebApplicationContext: initialization completed in 1104 ms
2021-09-20 10:32:31.965  INFO 1888 --- [main] o.hibernate.jpa.internal.util.LogHelper  : HHH000204: Processing PersistenceUnitInfo [name: default]
2021-09-20 10:32:32.015  INFO 1888 --- [main] org.hibernate.Version                    : HHH000412: Hibernate ORM core version 5.4.32.Final
2021-09-20 10:32:32.117  INFO 1888 --- [main] o.hibernate.annotations.common.Version   : HCANN000001: Hibernate Commons Annotations {5.1.2.Final}
2021-09-20 10:32:32.173  INFO 1888 --- [main] com.zaxxer.hikari.HikariDataSource       : HikariPool-1 - Starting...
2021-09-20 10:32:32.229  INFO 1888 --- [main] com.zaxxer.hikari.HikariDataSource       : HikariPool-1 - Start completed.
2021-09-20 10:32:32.243  INFO 1888 --- [main] org.hibernate.dialect.Dialect            : HHH000400: Using dialect: org.hibernate.dialect.PostgreSQL10Dialect
2021-09-20 10:32:32.712  INFO 1888 --- [main] o.h.e.t.j.p.i.JtaPlatformInitiator       : HHH000490: Using JtaPlatform implementation: [org.hibernate.engine.transaction.jta.platform.internal.NoJtaPlatform]
2021-09-20 10:32:32.718  INFO 1888 --- [main] j.LocalContainerEntityManagerFactoryBean : Initialized JPA EntityManagerFactory for persistence unit 'default'
2021-09-20 10:32:33.577  WARN 1888 --- [main] com.slack.api.bolt.App                   : Skipped adding any authorization middleware - you need to call `app.use(new YourOwnMultiTeamsAuthorization())`
2021-09-20 10:32:33.717  WARN 1888 --- [main] JpaBaseConfiguration$JpaWebConfiguration : spring.jpa.open-in-view is enabled by default. Therefore, database queries may be performed during view rendering. Explicitly configure spring.jpa.open-in-view to disable this warning
2021-09-20 10:32:33.878  INFO 1888 --- [WebSocketConnectReadThread-44] c.s.api.socket_mode.SocketModeClient     : New session is open
2021-09-20 10:32:34.051  INFO 1888 --- [main] o.s.b.w.embedded.tomcat.TomcatWebServer  : Tomcat started on port(s): 8000 (http) with context path ''
2021-09-20 10:32:34.066  INFO 1888 --- [main] d.t.f.FoodOrderBotApplication            : Started FoodOrderBotApplication in 3.65 seconds (JVM running for 4.173)
2021-09-20 10:35:41.220  WARN 1888 --- [HikariPool-1 housekeeper] com.zaxxer.hikari.pool.HikariPool        : HikariPool-1 - Thread starvation or clock leap detected (housekeeper delta=2m38s684ms).
2021-09-20 10:35:41.226  INFO 1888 --- [WebSocketConnectReadThread-44] c.s.api.socket_mode.SocketModeClient     : onClose listener is called (code: 1006, reason: )
2021-09-20 10:35:41.313  INFO 1888 --- [SpringApplicationShutdownHook] j.LocalContainerEntityManagerFactoryBean : Closing JPA EntityManagerFactory for persistence unit 'default'
2021-09-20 10:35:41.316  INFO 1888 --- [SpringApplicationShutdownHook] com.zaxxer.hikari.HikariDataSource       : HikariPool-1 - Shutdown initiated...
2021-09-20 10:35:41.323  INFO 1888 --- [SpringApplicationShutdownHook] com.zaxxer.hikari.HikariDataSource       : HikariPool-1 - Shutdown completed.
2021-09-20 10:57:41.266  INFO 2386 --- [main] d.t.f.FoodOrderBotApplication            : Starting FoodOrderBotApplication using Java 13.0.2 on Adams-MBP.lan with PID 2386 (/Users/adamnegaard/Desktop/foodOrderBot/build/classes/java/main started by adamnegaard in /Users/adamnegaard/Desktop/foodOrderBot)
2021-09-20 10:57:41.270  INFO 2386 --- [main] d.t.f.FoodOrderBotApplication            : No active profile set, falling back to default profiles: default
2021-09-20 10:57:41.932  INFO 2386 --- [main] .s.d.r.c.RepositoryConfigurationDelegate : Bootstrapping Spring Data JPA repositories in DEFAULT mode.
2021-09-20 10:57:41.974  INFO 2386 --- [main] .s.d.r.c.RepositoryConfigurationDelegate : Finished Spring Data repository scanning in 36 ms. Found 2 JPA repository interfaces.
2021-09-20 10:57:42.310  INFO 2386 --- [main] o.s.b.w.embedded.tomcat.TomcatWebServer  : Tomcat initialized with port(s): 8000 (http)
2021-09-20 10:57:42.314  INFO 2386 --- [main] o.apache.catalina.core.StandardService   : Starting service [Tomcat]
2021-09-20 10:57:42.314  INFO 2386 --- [main] org.apache.catalina.core.StandardEngine  : Starting Servlet engine: [Apache Tomcat/9.0.52]
2021-09-20 10:57:42.376  INFO 2386 --- [main] o.a.c.c.C.[Tomcat].[localhost].[/]       : Initializing Spring embedded WebApplicationContext
2021-09-20 10:57:42.377  INFO 2386 --- [main] w.s.c.ServletWebServerApplicationContext : Root WebApplicationContext: initialization completed in 1046 ms
2021-09-20 10:57:42.490  INFO 2386 --- [main] o.hibernate.jpa.internal.util.LogHelper  : HHH000204: Processing PersistenceUnitInfo [name: default]
2021-09-20 10:57:42.535  INFO 2386 --- [main] org.hibernate.Version                    : HHH000412: Hibernate ORM core version 5.4.32.Final
2021-09-20 10:57:42.628  INFO 2386 --- [main] o.hibernate.annotations.common.Version   : HCANN000001: Hibernate Commons Annotations {5.1.2.Final}
2021-09-20 10:57:42.684  INFO 2386 --- [main] com.zaxxer.hikari.HikariDataSource       : HikariPool-1 - Starting...
2021-09-20 10:57:42.725  INFO 2386 --- [main] com.zaxxer.hikari.HikariDataSource       : HikariPool-1 - Start completed.
2021-09-20 10:57:42.735  INFO 2386 --- [main] org.hibernate.dialect.Dialect            : HHH000400: Using dialect: org.hibernate.dialect.PostgreSQL10Dialect
2021-09-20 10:57:43.119  INFO 2386 --- [main] o.h.e.t.j.p.i.JtaPlatformInitiator       : HHH000490: Using JtaPlatform implementation: [org.hibernate.engine.transaction.jta.platform.internal.NoJtaPlatform]
2021-09-20 10:57:43.124  INFO 2386 --- [main] j.LocalContainerEntityManagerFactoryBean : Initialized JPA EntityManagerFactory for persistence unit 'default'
2021-09-20 10:57:43.891  WARN 2386 --- [main] com.slack.api.bolt.App                   : Skipped adding any authorization middleware - you need to call `app.use(new YourOwnMultiTeamsAuthorization())`
2021-09-20 10:57:44.026  WARN 2386 --- [main] JpaBaseConfiguration$JpaWebConfiguration : spring.jpa.open-in-view is enabled by default. Therefore, database queries may be performed during view rendering. Explicitly configure spring.jpa.open-in-view to disable this warning
2021-09-20 10:57:44.194  INFO 2386 --- [WebSocketConnectReadThread-43] c.s.api.socket_mode.SocketModeClient     : New session is open
2021-09-20 10:57:44.245  INFO 2386 --- [main] o.s.b.w.embedded.tomcat.TomcatWebServer  : Tomcat started on port(s): 8000 (http) with context path ''
2021-09-20 10:57:44.256  INFO 2386 --- [main] d.t.f.FoodOrderBotApplication            : Started FoodOrderBotApplication in 3.482 seconds (JVM running for 3.934)
2021-09-20 10:58:00.001  INFO 2386 --- [scheduling-1] d.t.foodOrderBot.jobs.ScheduledJobs      : Sending out an order reminder...
2021-09-20 10:58:00.363  INFO 2386 --- [scheduling-1] dk.themacs.foodOrderBot.ClientHandler    : Successfully sent out the food order reminder
2021-09-20 10:58:00.429  INFO 2386 --- [scheduling-1] dk.themacs.foodOrderBot.ClientHandler    : Created the batch order in the database at 2021-09-20T10:58
2021-09-20 10:58:32.773 ERROR 2386 --- [socket-mode-message-processor-worker-42] dk.themacs.foodOrderBot.EventHandler     : Unknown error processing order of user with ID: U02EKHGTC5T

java.lang.Exception: Uknown command: ??ekstra
	at dk.themacs.foodOrderBot.EventHandler.handleUnknownCommand(EventHandler.java:95) ~[main/:na]
	at dk.themacs.foodOrderBot.EventHandler.handleCommand(EventHandler.java:72) ~[main/:na]
	at dk.themacs.foodOrderBot.EventHandler.handleOrderProcessing(EventHandler.java:49) ~[main/:na]
	at dk.themacs.foodOrderBot.config.SlackSetup.lambda$initSlackClient$0(SlackSetup.java:31) ~[main/:na]
	at com.slack.api.bolt.App.runHandler(App.java:1071) ~[bolt-1.12.1.jar:1.12.1]
	at com.slack.api.bolt.App.lambda$runMiddleware$3(App.java:983) ~[bolt-1.12.1.jar:1.12.1]
	at com.slack.api.bolt.middleware.builtin.IgnoringSelfEvents.apply(IgnoringSelfEvents.java:66) ~[bolt-1.12.1.jar:1.12.1]
	at com.slack.api.bolt.App.runMiddleware(App.java:983) ~[bolt-1.12.1.jar:1.12.1]
	at com.slack.api.bolt.App.lambda$runMiddleware$4(App.java:986) ~[bolt-1.12.1.jar:1.12.1]
	at com.slack.api.bolt.middleware.builtin.RequestVerification.apply(RequestVerification.java:27) ~[bolt-1.12.1.jar:1.12.1]
	at com.slack.api.bolt.App.runMiddleware(App.java:986) ~[bolt-1.12.1.jar:1.12.1]
	at com.slack.api.bolt.App.lambda$runMiddleware$4(App.java:986) ~[bolt-1.12.1.jar:1.12.1]
	at com.slack.api.bolt.middleware.builtin.SSLCheck.apply(SSLCheck.java:51) ~[bolt-1.12.1.jar:1.12.1]
	at com.slack.api.bolt.App.runMiddleware(App.java:986) ~[bolt-1.12.1.jar:1.12.1]
	at com.slack.api.bolt.App.run(App.java:575) ~[bolt-1.12.1.jar:1.12.1]
	at com.slack.api.bolt.socket_mode.SocketModeApp.lambda$buildSocketModeClient$0(SocketModeApp.java:37) ~[bolt-socket-mode-1.12.1.jar:1.12.1]
	at com.slack.api.socket_mode.SocketModeClient.processMessage(SocketModeClient.java:355) ~[slack-api-client-1.12.1.jar:1.12.1]
	at com.slack.api.socket_mode.SocketModeClient.lambda$initializeMessageProcessorExecutor$0(SocketModeClient.java:157) ~[slack-api-client-1.12.1.jar:1.12.1]
	at java.base/java.util.concurrent.Executors$RunnableAdapter.call(Executors.java:515) ~[na:na]
	at java.base/java.util.concurrent.FutureTask.runAndReset(FutureTask.java:305) ~[na:na]
	at java.base/java.util.concurrent.ScheduledThreadPoolExecutor$ScheduledFutureTask.run(ScheduledThreadPoolExecutor.java:305) ~[na:na]
	at java.base/java.util.concurrent.ThreadPoolExecutor.runWorker(ThreadPoolExecutor.java:1128) ~[na:na]
	at java.base/java.util.concurrent.ThreadPoolExecutor$Worker.run(ThreadPoolExecutor.java:628) ~[na:na]
	at java.base/java.lang.Thread.run(Thread.java:830) ~[na:na]

2021-09-20 10:59:45.383  INFO 2386 --- [SpringApplicationShutdownHook] j.LocalContainerEntityManagerFactoryBean : Closing JPA EntityManagerFactory for persistence unit 'default'
2021-09-20 10:59:45.385  INFO 2386 --- [SpringApplicationShutdownHook] com.zaxxer.hikari.HikariDataSource       : HikariPool-1 - Shutdown initiated...
2021-09-20 10:59:45.391  INFO 2386 --- [SpringApplicationShutdownHook] com.zaxxer.hikari.HikariDataSource       : HikariPool-1 - Shutdown completed.
2021-09-20 10:59:47.579  INFO 2431 --- [main] d.t.f.FoodOrderBotApplication            : Starting FoodOrderBotApplication using Java 13.0.2 on Adams-MBP.lan with PID 2431 (/Users/adamnegaard/Desktop/foodOrderBot/build/classes/java/main started by adamnegaard in /Users/adamnegaard/Desktop/foodOrderBot)
2021-09-20 10:59:47.580  INFO 2431 --- [main] d.t.f.FoodOrderBotApplication            : No active profile set, falling back to default profiles: default
2021-09-20 10:59:48.133  INFO 2431 --- [main] .s.d.r.c.RepositoryConfigurationDelegate : Bootstrapping Spring Data JPA repositories in DEFAULT mode.
2021-09-20 10:59:48.179  INFO 2431 --- [main] .s.d.r.c.RepositoryConfigurationDelegate : Finished Spring Data repository scanning in 37 ms. Found 2 JPA repository interfaces.
2021-09-20 10:59:48.578  INFO 2431 --- [main] o.s.b.w.embedded.tomcat.TomcatWebServer  : Tomcat initialized with port(s): 8000 (http)
2021-09-20 10:59:48.585  INFO 2431 --- [main] o.apache.catalina.core.StandardService   : Starting service [Tomcat]
2021-09-20 10:59:48.585  INFO 2431 --- [main] org.apache.catalina.core.StandardEngine  : Starting Servlet engine: [Apache Tomcat/9.0.52]
2021-09-20 10:59:48.660  INFO 2431 --- [main] o.a.c.c.C.[Tomcat].[localhost].[/]       : Initializing Spring embedded WebApplicationContext
2021-09-20 10:59:48.661  INFO 2431 --- [main] w.s.c.ServletWebServerApplicationContext : Root WebApplicationContext: initialization completed in 1052 ms
2021-09-20 10:59:48.788  INFO 2431 --- [main] o.hibernate.jpa.internal.util.LogHelper  : HHH000204: Processing PersistenceUnitInfo [name: default]
2021-09-20 10:59:48.827  INFO 2431 --- [main] org.hibernate.Version                    : HHH000412: Hibernate ORM core version 5.4.32.Final
2021-09-20 10:59:48.951  INFO 2431 --- [main] o.hibernate.annotations.common.Version   : HCANN000001: Hibernate Commons Annotations {5.1.2.Final}
2021-09-20 10:59:49.030  INFO 2431 --- [main] com.zaxxer.hikari.HikariDataSource       : HikariPool-1 - Starting...
2021-09-20 10:59:49.089  INFO 2431 --- [main] com.zaxxer.hikari.HikariDataSource       : HikariPool-1 - Start completed.
2021-09-20 10:59:49.107  INFO 2431 --- [main] org.hibernate.dialect.Dialect            : HHH000400: Using dialect: org.hibernate.dialect.PostgreSQL10Dialect
2021-09-20 10:59:49.605  INFO 2431 --- [main] o.h.e.t.j.p.i.JtaPlatformInitiator       : HHH000490: Using JtaPlatform implementation: [org.hibernate.engine.transaction.jta.platform.internal.NoJtaPlatform]
2021-09-20 10:59:49.611  INFO 2431 --- [main] j.LocalContainerEntityManagerFactoryBean : Initialized JPA EntityManagerFactory for persistence unit 'default'
2021-09-20 10:59:50.461  WARN 2431 --- [main] com.slack.api.bolt.App                   : Skipped adding any authorization middleware - you need to call `app.use(new YourOwnMultiTeamsAuthorization())`
2021-09-20 10:59:50.625  WARN 2431 --- [main] JpaBaseConfiguration$JpaWebConfiguration : spring.jpa.open-in-view is enabled by default. Therefore, database queries may be performed during view rendering. Explicitly configure spring.jpa.open-in-view to disable this warning
2021-09-20 10:59:50.783  INFO 2431 --- [WebSocketConnectReadThread-42] c.s.api.socket_mode.SocketModeClient     : New session is open
2021-09-20 10:59:50.873  INFO 2431 --- [main] o.s.b.w.embedded.tomcat.TomcatWebServer  : Tomcat started on port(s): 8000 (http) with context path ''
2021-09-20 10:59:50.886  INFO 2431 --- [main] d.t.f.FoodOrderBotApplication            : Started FoodOrderBotApplication in 3.556 seconds (JVM running for 4.006)
2021-09-20 11:00:00.001  INFO 2431 --- [scheduling-1] d.t.foodOrderBot.jobs.ScheduledJobs      : Sending out an order reminder...
2021-09-20 11:00:00.332  INFO 2431 --- [scheduling-1] dk.themacs.foodOrderBot.ClientHandler    : Successfully sent out the food order reminder
2021-09-20 11:00:00.388  INFO 2431 --- [scheduling-1] dk.themacs.foodOrderBot.ClientHandler    : Created the batch order in the database at 2021-09-20T11:00
2021-09-20 11:00:20.149  INFO 2431 --- [socket-mode-message-processor-worker-41] dk.themacs.foodOrderBot.EventHandler     : Processed order of user with ID: U02EKHGTC5T
2021-09-20 11:00:27.102  INFO 2431 --- [socket-mode-message-processor-worker-41] dk.themacs.foodOrderBot.EventHandler     : Processed order of user with ID: U02EKHGTC5T
2021-09-20 11:00:46.520  INFO 2431 --- [socket-mode-message-processor-worker-41] dk.themacs.foodOrderBot.EventHandler     : Processed order of user with ID: U02EKHGTC5T
2021-09-20 11:01:00.001  INFO 2431 --- [scheduling-1] d.t.foodOrderBot.jobs.ScheduledJobs      : Sending out the order...
2021-09-20 11:01:01.664  INFO 2431 --- [scheduling-1] dk.themacs.foodOrderBot.ClientHandler    : Successfully closed the batch order with ID: 2
2021-09-20 11:01:15.780  INFO 2431 --- [SpringApplicationShutdownHook] j.LocalContainerEntityManagerFactoryBean : Closing JPA EntityManagerFactory for persistence unit 'default'
2021-09-20 11:01:15.785  INFO 2431 --- [SpringApplicationShutdownHook] com.zaxxer.hikari.HikariDataSource       : HikariPool-1 - Shutdown initiated...
2021-09-20 11:01:15.790  INFO 2431 --- [SpringApplicationShutdownHook] com.zaxxer.hikari.HikariDataSource       : HikariPool-1 - Shutdown completed.
2021-09-20 11:01:18.152  INFO 2478 --- [main] d.t.f.FoodOrderBotApplication            : Starting FoodOrderBotApplication using Java 13.0.2 on Adams-MBP.lan with PID 2478 (/Users/adamnegaard/Desktop/foodOrderBot/build/classes/java/main started by adamnegaard in /Users/adamnegaard/Desktop/foodOrderBot)
2021-09-20 11:01:18.153  INFO 2478 --- [main] d.t.f.FoodOrderBotApplication            : No active profile set, falling back to default profiles: default
2021-09-20 11:01:18.914  INFO 2478 --- [main] .s.d.r.c.RepositoryConfigurationDelegate : Bootstrapping Spring Data JPA repositories in DEFAULT mode.
2021-09-20 11:01:18.959  INFO 2478 --- [main] .s.d.r.c.RepositoryConfigurationDelegate : Finished Spring Data repository scanning in 36 ms. Found 2 JPA repository interfaces.
2021-09-20 11:01:19.423  INFO 2478 --- [main] o.s.b.w.embedded.tomcat.TomcatWebServer  : Tomcat initialized with port(s): 8000 (http)
2021-09-20 11:01:19.432  INFO 2478 --- [main] o.apache.catalina.core.StandardService   : Starting service [Tomcat]
2021-09-20 11:01:19.432  INFO 2478 --- [main] org.apache.catalina.core.StandardEngine  : Starting Servlet engine: [Apache Tomcat/9.0.52]
2021-09-20 11:01:19.540  INFO 2478 --- [main] o.a.c.c.C.[Tomcat].[localhost].[/]       : Initializing Spring embedded WebApplicationContext
2021-09-20 11:01:19.541  INFO 2478 --- [main] w.s.c.ServletWebServerApplicationContext : Root WebApplicationContext: initialization completed in 1346 ms
2021-09-20 11:01:19.689  INFO 2478 --- [main] o.hibernate.jpa.internal.util.LogHelper  : HHH000204: Processing PersistenceUnitInfo [name: default]
2021-09-20 11:01:19.757  INFO 2478 --- [main] org.hibernate.Version                    : HHH000412: Hibernate ORM core version 5.4.32.Final
2021-09-20 11:01:19.876  INFO 2478 --- [main] o.hibernate.annotations.common.Version   : HCANN000001: Hibernate Commons Annotations {5.1.2.Final}
2021-09-20 11:01:19.951  INFO 2478 --- [main] com.zaxxer.hikari.HikariDataSource       : HikariPool-1 - Starting...
2021-09-20 11:01:20.005  INFO 2478 --- [main] com.zaxxer.hikari.HikariDataSource       : HikariPool-1 - Start completed.
2021-09-20 11:01:20.020  INFO 2478 --- [main] org.hibernate.dialect.Dialect            : HHH000400: Using dialect: org.hibernate.dialect.PostgreSQL10Dialect
2021-09-20 11:01:20.709  INFO 2478 --- [main] o.h.e.t.j.p.i.JtaPlatformInitiator       : HHH000490: Using JtaPlatform implementation: [org.hibernate.engine.transaction.jta.platform.internal.NoJtaPlatform]
2021-09-20 11:01:20.723  INFO 2478 --- [main] j.LocalContainerEntityManagerFactoryBean : Initialized JPA EntityManagerFactory for persistence unit 'default'
2021-09-20 11:01:21.879  WARN 2478 --- [main] com.slack.api.bolt.App                   : Skipped adding any authorization middleware - you need to call `app.use(new YourOwnMultiTeamsAuthorization())`
2021-09-20 11:01:22.184  WARN 2478 --- [main] JpaBaseConfiguration$JpaWebConfiguration : spring.jpa.open-in-view is enabled by default. Therefore, database queries may be performed during view rendering. Explicitly configure spring.jpa.open-in-view to disable this warning
2021-09-20 11:01:22.248  INFO 2478 --- [WebSocketConnectReadThread-48] c.s.api.socket_mode.SocketModeClient     : New session is open
2021-09-20 11:01:22.520  INFO 2478 --- [main] o.s.b.w.embedded.tomcat.TomcatWebServer  : Tomcat started on port(s): 8000 (http) with context path ''
2021-09-20 11:01:22.535  INFO 2478 --- [main] d.t.f.FoodOrderBotApplication            : Started FoodOrderBotApplication in 4.649 seconds (JVM running for 5.175)
2021-09-20 11:02:00.001  INFO 2478 --- [scheduling-1] d.t.foodOrderBot.jobs.ScheduledJobs      : Sending out an order reminder...
2021-09-20 11:02:00.328  INFO 2478 --- [scheduling-1] dk.themacs.foodOrderBot.ClientHandler    : Successfully sent out the food order reminder
2021-09-20 11:02:00.382  INFO 2478 --- [scheduling-1] dk.themacs.foodOrderBot.ClientHandler    : Created the batch order in the database at 2021-09-20T11:02
2021-09-20 11:04:02.853  INFO 2478 --- [scheduling-1] d.t.foodOrderBot.jobs.ScheduledJobs      : Sending out the order...
2021-09-20 11:04:41.686  INFO 2478 --- [socket-mode-message-processor-worker-47] dk.themacs.foodOrderBot.EventHandler     : Processed order of user with ID: U02EKHGTC5T
2021-09-20 11:04:54.133  INFO 2478 --- [scheduling-1] dk.themacs.foodOrderBot.ClientHandler    : Successfully closed the batch order with ID: 4
2021-09-20 11:04:54.202  INFO 2478 --- [SpringApplicationShutdownHook] j.LocalContainerEntityManagerFactoryBean : Closing JPA EntityManagerFactory for persistence unit 'default'
2021-09-20 11:04:54.205  INFO 2478 --- [SpringApplicationShutdownHook] com.zaxxer.hikari.HikariDataSource       : HikariPool-1 - Shutdown initiated...
2021-09-20 11:04:54.206 ERROR 2478 --- [scheduling-1] dk.themacs.foodOrderBot.ClientHandler    : Could not order the food

java.io.InterruptedIOException: null
	at okhttp3.internal.http2.Http2Stream.waitForIo(Http2Stream.java:663) ~[okhttp-3.14.9.jar:na]
	at okhttp3.internal.http2.Http2Stream.takeHeaders(Http2Stream.java:151) ~[okhttp-3.14.9.jar:na]
	at okhttp3.internal.http2.Http2ExchangeCodec.readResponseHeaders(Http2ExchangeCodec.java:136) ~[okhttp-3.14.9.jar:na]
	at okhttp3.internal.connection.Exchange.readResponseHeaders(Exchange.java:115) ~[okhttp-3.14.9.jar:na]
	at okhttp3.internal.http.CallServerInterceptor.intercept(CallServerInterceptor.java:94) ~[okhttp-3.14.9.jar:na]
	at okhttp3.internal.http.RealInterceptorChain.proceed(RealInterceptorChain.java:142) ~[okhttp-3.14.9.jar:na]
	at okhttp3.internal.connection.ConnectInterceptor.intercept(ConnectInterceptor.java:43) ~[okhttp-3.14.9.jar:na]
	at okhttp3.internal.http.RealInterceptorChain.proceed(RealInterceptorChain.java:142) ~[okhttp-3.14.9.jar:na]
	at okhttp3.internal.http.RealInterceptorChain.proceed(RealInterceptorChain.java:117) ~[okhttp-3.14.9.jar:na]
	at okhttp3.internal.cache.CacheInterceptor.intercept(CacheInterceptor.java:94) ~[okhttp-3.14.9.jar:na]
	at okhttp3.internal.http.RealInterceptorChain.proceed(RealInterceptorChain.java:142) ~[okhttp-3.14.9.jar:na]
	at okhttp3.internal.http.RealInterceptorChain.proceed(RealInterceptorChain.java:117) ~[okhttp-3.14.9.jar:na]
	at okhttp3.internal.http.BridgeInterceptor.intercept(BridgeInterceptor.java:93) ~[okhttp-3.14.9.jar:na]
	at okhttp3.internal.http.RealInterceptorChain.proceed(RealInterceptorChain.java:142) ~[okhttp-3.14.9.jar:na]
	at okhttp3.internal.http.RetryAndFollowUpInterceptor.intercept(RetryAndFollowUpInterceptor.java:88) ~[okhttp-3.14.9.jar:na]
	at okhttp3.internal.http.RealInterceptorChain.proceed(RealInterceptorChain.java:142) ~[okhttp-3.14.9.jar:na]
	at okhttp3.internal.http.RealInterceptorChain.proceed(RealInterceptorChain.java:117) ~[okhttp-3.14.9.jar:na]
	at com.slack.api.util.http.UserAgentInterceptor.intercept(UserAgentInterceptor.java:43) ~[slack-api-client-1.12.1.jar:1.12.1]
	at okhttp3.internal.http.RealInterceptorChain.proceed(RealInterceptorChain.java:142) ~[okhttp-3.14.9.jar:na]
	at okhttp3.internal.http.RealInterceptorChain.proceed(RealInterceptorChain.java:117) ~[okhttp-3.14.9.jar:na]
	at okhttp3.RealCall.getResponseWithInterceptorChain(RealCall.java:229) ~[okhttp-3.14.9.jar:na]
	at okhttp3.RealCall.execute(RealCall.java:81) ~[okhttp-3.14.9.jar:na]
	at com.slack.api.util.http.SlackHttpClient.postFormWithAuthorizationHeader(SlackHttpClient.java:179) ~[slack-api-client-1.12.1.jar:1.12.1]
	at com.slack.api.util.http.SlackHttpClient.postFormWithBearerHeader(SlackHttpClient.java:166) ~[slack-api-client-1.12.1.jar:1.12.1]
	at com.slack.api.methods.impl.MethodsClientImpl.runPostFormWithToken(MethodsClientImpl.java:2859) ~[slack-api-client-1.12.1.jar:1.12.1]
	at com.slack.api.methods.impl.MethodsClientImpl.postFormWithTokenAndParseResponse(MethodsClientImpl.java:2999) ~[slack-api-client-1.12.1.jar:1.12.1]
	at com.slack.api.methods.impl.MethodsClientImpl.chatPostMessage(MethodsClientImpl.java:1392) ~[slack-api-client-1.12.1.jar:1.12.1]
	at com.slack.api.methods.impl.MethodsClientImpl.chatPostMessage(MethodsClientImpl.java:1397) ~[slack-api-client-1.12.1.jar:1.12.1]
	at dk.themacs.foodOrderBot.ClientHandler.sendMessage(ClientHandler.java:61) ~[main/:na]
	at dk.themacs.foodOrderBot.ClientHandler.orderFood(ClientHandler.java:91) ~[main/:na]
	at dk.themacs.foodOrderBot.jobs.ScheduledJobs.sendOrderAndConfirmation(ScheduledJobs.java:35) ~[main/:na]
	at java.base/jdk.internal.reflect.NativeMethodAccessorImpl.invoke0(Native Method) ~[na:na]
	at java.base/jdk.internal.reflect.NativeMethodAccessorImpl.invoke(NativeMethodAccessorImpl.java:62) ~[na:na]
	at java.base/jdk.internal.reflect.DelegatingMethodAccessorImpl.invoke(DelegatingMethodAccessorImpl.java:43) ~[na:na]
	at java.base/java.lang.reflect.Method.invoke(Method.java:567) ~[na:na]
	at org.springframework.scheduling.support.ScheduledMethodRunnable.run(ScheduledMethodRunnable.java:84) ~[spring-context-5.3.9.jar:5.3.9]
	at org.springframework.scheduling.support.DelegatingErrorHandlingRunnable.run(DelegatingErrorHandlingRunnable.java:54) ~[spring-context-5.3.9.jar:5.3.9]
	at org.springframework.scheduling.concurrent.ReschedulingRunnable.run(ReschedulingRunnable.java:95) ~[spring-context-5.3.9.jar:5.3.9]
	at java.base/java.util.concurrent.Executors$RunnableAdapter.call(Executors.java:515) ~[na:na]
	at java.base/java.util.concurrent.FutureTask.run$$$capture(FutureTask.java:264) ~[na:na]
	at java.base/java.util.concurrent.FutureTask.run(FutureTask.java) ~[na:na]
	at java.base/java.util.concurrent.ScheduledThreadPoolExecutor$ScheduledFutureTask.run(ScheduledThreadPoolExecutor.java:304) ~[na:na]
	at java.base/java.util.concurrent.ThreadPoolExecutor.runWorker(ThreadPoolExecutor.java:1128) ~[na:na]
	at java.base/java.util.concurrent.ThreadPoolExecutor$Worker.run(ThreadPoolExecutor.java:628) ~[na:na]
	at java.base/java.lang.Thread.run(Thread.java:830) ~[na:na]

2021-09-20 11:04:54.211  INFO 2478 --- [SpringApplicationShutdownHook] com.zaxxer.hikari.HikariDataSource       : HikariPool-1 - Shutdown completed.
2021-09-20 11:04:57.874  INFO 2535 --- [main] d.t.f.FoodOrderBotApplication            : Starting FoodOrderBotApplication using Java 13.0.2 on Adams-MBP.lan with PID 2535 (/Users/adamnegaard/Desktop/foodOrderBot/build/classes/java/main started by adamnegaard in /Users/adamnegaard/Desktop/foodOrderBot)
2021-09-20 11:04:57.876  INFO 2535 --- [main] d.t.f.FoodOrderBotApplication            : No active profile set, falling back to default profiles: default
2021-09-20 11:04:58.422  INFO 2535 --- [main] .s.d.r.c.RepositoryConfigurationDelegate : Bootstrapping Spring Data JPA repositories in DEFAULT mode.
2021-09-20 11:04:58.467  INFO 2535 --- [main] .s.d.r.c.RepositoryConfigurationDelegate : Finished Spring Data repository scanning in 35 ms. Found 2 JPA repository interfaces.
2021-09-20 11:04:58.868  INFO 2535 --- [main] o.s.b.w.embedded.tomcat.TomcatWebServer  : Tomcat initialized with port(s): 8000 (http)
2021-09-20 11:04:58.875  INFO 2535 --- [main] o.apache.catalina.core.StandardService   : Starting service [Tomcat]
2021-09-20 11:04:58.875  INFO 2535 --- [main] org.apache.catalina.core.StandardEngine  : Starting Servlet engine: [Apache Tomcat/9.0.52]
2021-09-20 11:04:58.945  INFO 2535 --- [main] o.a.c.c.C.[Tomcat].[localhost].[/]       : Initializing Spring embedded WebApplicationContext
2021-09-20 11:04:58.945  INFO 2535 --- [main] w.s.c.ServletWebServerApplicationContext : Root WebApplicationContext: initialization completed in 1030 ms
2021-09-20 11:04:59.075  INFO 2535 --- [main] o.hibernate.jpa.internal.util.LogHelper  : HHH000204: Processing PersistenceUnitInfo [name: default]
2021-09-20 11:04:59.112  INFO 2535 --- [main] org.hibernate.Version                    : HHH000412: Hibernate ORM core version 5.4.32.Final
2021-09-20 11:04:59.224  INFO 2535 --- [main] o.hibernate.annotations.common.Version   : HCANN000001: Hibernate Commons Annotations {5.1.2.Final}
2021-09-20 11:04:59.298  INFO 2535 --- [main] com.zaxxer.hikari.HikariDataSource       : HikariPool-1 - Starting...
2021-09-20 11:04:59.356  INFO 2535 --- [main] com.zaxxer.hikari.HikariDataSource       : HikariPool-1 - Start completed.
2021-09-20 11:04:59.373  INFO 2535 --- [main] org.hibernate.dialect.Dialect            : HHH000400: Using dialect: org.hibernate.dialect.PostgreSQL10Dialect
2021-09-20 11:04:59.869  INFO 2535 --- [main] o.h.e.t.j.p.i.JtaPlatformInitiator       : HHH000490: Using JtaPlatform implementation: [org.hibernate.engine.transaction.jta.platform.internal.NoJtaPlatform]
2021-09-20 11:04:59.875  INFO 2535 --- [main] j.LocalContainerEntityManagerFactoryBean : Initialized JPA EntityManagerFactory for persistence unit 'default'
2021-09-20 11:05:00.725  WARN 2535 --- [main] com.slack.api.bolt.App                   : Skipped adding any authorization middleware - you need to call `app.use(new YourOwnMultiTeamsAuthorization())`
2021-09-20 11:05:00.888  WARN 2535 --- [main] JpaBaseConfiguration$JpaWebConfiguration : spring.jpa.open-in-view is enabled by default. Therefore, database queries may be performed during view rendering. Explicitly configure spring.jpa.open-in-view to disable this warning
2021-09-20 11:05:01.030  INFO 2535 --- [WebSocketConnectReadThread-42] c.s.api.socket_mode.SocketModeClient     : New session is open
2021-09-20 11:05:01.180  INFO 2535 --- [main] o.s.b.w.embedded.tomcat.TomcatWebServer  : Tomcat started on port(s): 8000 (http) with context path ''
2021-09-20 11:05:01.195  INFO 2535 --- [main] d.t.f.FoodOrderBotApplication            : Started FoodOrderBotApplication in 3.695 seconds (JVM running for 4.302)
2021-09-20 11:05:26.463  INFO 2535 --- [SpringApplicationShutdownHook] j.LocalContainerEntityManagerFactoryBean : Closing JPA EntityManagerFactory for persistence unit 'default'
2021-09-20 11:05:26.465  INFO 2535 --- [SpringApplicationShutdownHook] com.zaxxer.hikari.HikariDataSource       : HikariPool-1 - Shutdown initiated...
2021-09-20 11:05:26.470  INFO 2535 --- [SpringApplicationShutdownHook] com.zaxxer.hikari.HikariDataSource       : HikariPool-1 - Shutdown completed.
2021-09-20 11:05:28.450  INFO 2556 --- [main] d.t.f.FoodOrderBotApplication            : Starting FoodOrderBotApplication using Java 13.0.2 on Adams-MBP.lan with PID 2556 (/Users/adamnegaard/Desktop/foodOrderBot/build/classes/java/main started by adamnegaard in /Users/adamnegaard/Desktop/foodOrderBot)
2021-09-20 11:05:28.451  INFO 2556 --- [main] d.t.f.FoodOrderBotApplication            : No active profile set, falling back to default profiles: default
2021-09-20 11:05:28.944  INFO 2556 --- [main] .s.d.r.c.RepositoryConfigurationDelegate : Bootstrapping Spring Data JPA repositories in DEFAULT mode.
2021-09-20 11:05:28.986  INFO 2556 --- [main] .s.d.r.c.RepositoryConfigurationDelegate : Finished Spring Data repository scanning in 36 ms. Found 2 JPA repository interfaces.
2021-09-20 11:05:29.356  INFO 2556 --- [main] o.s.b.w.embedded.tomcat.TomcatWebServer  : Tomcat initialized with port(s): 8000 (http)
2021-09-20 11:05:29.361  INFO 2556 --- [main] o.apache.catalina.core.StandardService   : Starting service [Tomcat]
2021-09-20 11:05:29.361  INFO 2556 --- [main] org.apache.catalina.core.StandardEngine  : Starting Servlet engine: [Apache Tomcat/9.0.52]
2021-09-20 11:05:29.413  INFO 2556 --- [main] o.a.c.c.C.[Tomcat].[localhost].[/]       : Initializing Spring embedded WebApplicationContext
2021-09-20 11:05:29.413  INFO 2556 --- [main] w.s.c.ServletWebServerApplicationContext : Root WebApplicationContext: initialization completed in 934 ms
2021-09-20 11:05:29.499  INFO 2556 --- [main] o.hibernate.jpa.internal.util.LogHelper  : HHH000204: Processing PersistenceUnitInfo [name: default]
2021-09-20 11:05:29.520  INFO 2556 --- [main] org.hibernate.Version                    : HHH000412: Hibernate ORM core version 5.4.32.Final
2021-09-20 11:05:29.588  INFO 2556 --- [main] o.hibernate.annotations.common.Version   : HCANN000001: Hibernate Commons Annotations {5.1.2.Final}
2021-09-20 11:05:29.664  INFO 2556 --- [main] com.zaxxer.hikari.HikariDataSource       : HikariPool-1 - Starting...
2021-09-20 11:05:29.724  INFO 2556 --- [main] com.zaxxer.hikari.HikariDataSource       : HikariPool-1 - Start completed.
2021-09-20 11:05:29.739  INFO 2556 --- [main] org.hibernate.dialect.Dialect            : HHH000400: Using dialect: org.hibernate.dialect.PostgreSQL10Dialect
2021-09-20 11:05:30.240  INFO 2556 --- [main] o.h.e.t.j.p.i.JtaPlatformInitiator       : HHH000490: Using JtaPlatform implementation: [org.hibernate.engine.transaction.jta.platform.internal.NoJtaPlatform]
2021-09-20 11:05:30.246  INFO 2556 --- [main] j.LocalContainerEntityManagerFactoryBean : Initialized JPA EntityManagerFactory for persistence unit 'default'
2021-09-20 11:05:31.332  WARN 2556 --- [main] com.slack.api.bolt.App                   : Skipped adding any authorization middleware - you need to call `app.use(new YourOwnMultiTeamsAuthorization())`
2021-09-20 11:05:31.527  WARN 2556 --- [main] JpaBaseConfiguration$JpaWebConfiguration : spring.jpa.open-in-view is enabled by default. Therefore, database queries may be performed during view rendering. Explicitly configure spring.jpa.open-in-view to disable this warning
2021-09-20 11:05:31.625  INFO 2556 --- [WebSocketConnectReadThread-42] c.s.api.socket_mode.SocketModeClient     : New session is open
2021-09-20 11:05:31.768  INFO 2556 --- [main] o.s.b.w.embedded.tomcat.TomcatWebServer  : Tomcat started on port(s): 8000 (http) with context path ''
2021-09-20 11:05:31.784  INFO 2556 --- [main] d.t.f.FoodOrderBotApplication            : Started FoodOrderBotApplication in 3.557 seconds (JVM running for 4.005)
2021-09-20 11:05:31.805  INFO 2556 --- [SpringApplicationShutdownHook] j.LocalContainerEntityManagerFactoryBean : Closing JPA EntityManagerFactory for persistence unit 'default'
2021-09-20 11:05:31.807  INFO 2556 --- [SpringApplicationShutdownHook] com.zaxxer.hikari.HikariDataSource       : HikariPool-1 - Shutdown initiated...
2021-09-20 11:05:31.811  INFO 2556 --- [SpringApplicationShutdownHook] com.zaxxer.hikari.HikariDataSource       : HikariPool-1 - Shutdown completed.
2021-09-20 11:05:33.935  INFO 2572 --- [main] d.t.f.FoodOrderBotApplication            : Starting FoodOrderBotApplication using Java 13.0.2 on Adams-MBP.lan with PID 2572 (/Users/adamnegaard/Desktop/foodOrderBot/build/classes/java/main started by adamnegaard in /Users/adamnegaard/Desktop/foodOrderBot)
2021-09-20 11:05:33.937  INFO 2572 --- [main] d.t.f.FoodOrderBotApplication            : No active profile set, falling back to default profiles: default
2021-09-20 11:05:34.424  INFO 2572 --- [main] .s.d.r.c.RepositoryConfigurationDelegate : Bootstrapping Spring Data JPA repositories in DEFAULT mode.
2021-09-20 11:05:34.462  INFO 2572 --- [main] .s.d.r.c.RepositoryConfigurationDelegate : Finished Spring Data repository scanning in 33 ms. Found 2 JPA repository interfaces.
2021-09-20 11:05:34.763  INFO 2572 --- [main] o.s.b.w.embedded.tomcat.TomcatWebServer  : Tomcat initialized with port(s): 8000 (http)
2021-09-20 11:05:34.768  INFO 2572 --- [main] o.apache.catalina.core.StandardService   : Starting service [Tomcat]
2021-09-20 11:05:34.769  INFO 2572 --- [main] org.apache.catalina.core.StandardEngine  : Starting Servlet engine: [Apache Tomcat/9.0.52]
2021-09-20 11:05:34.842  INFO 2572 --- [main] o.a.c.c.C.[Tomcat].[localhost].[/]       : Initializing Spring embedded WebApplicationContext
2021-09-20 11:05:34.842  INFO 2572 --- [main] w.s.c.ServletWebServerApplicationContext : Root WebApplicationContext: initialization completed in 872 ms
2021-09-20 11:05:34.937  INFO 2572 --- [main] o.hibernate.jpa.internal.util.LogHelper  : HHH000204: Processing PersistenceUnitInfo [name: default]
2021-09-20 11:05:34.961  INFO 2572 --- [main] org.hibernate.Version                    : HHH000412: Hibernate ORM core version 5.4.32.Final
2021-09-20 11:05:35.052  INFO 2572 --- [main] o.hibernate.annotations.common.Version   : HCANN000001: Hibernate Commons Annotations {5.1.2.Final}
2021-09-20 11:05:35.142  INFO 2572 --- [main] com.zaxxer.hikari.HikariDataSource       : HikariPool-1 - Starting...
2021-09-20 11:05:35.236  INFO 2572 --- [main] com.zaxxer.hikari.HikariDataSource       : HikariPool-1 - Start completed.
2021-09-20 11:05:35.260  INFO 2572 --- [main] org.hibernate.dialect.Dialect            : HHH000400: Using dialect: org.hibernate.dialect.PostgreSQL10Dialect
2021-09-20 11:05:35.828  INFO 2572 --- [main] o.h.e.t.j.p.i.JtaPlatformInitiator       : HHH000490: Using JtaPlatform implementation: [org.hibernate.engine.transaction.jta.platform.internal.NoJtaPlatform]
2021-09-20 11:05:35.834  INFO 2572 --- [main] j.LocalContainerEntityManagerFactoryBean : Initialized JPA EntityManagerFactory for persistence unit 'default'
2021-09-20 11:05:36.637  WARN 2572 --- [main] com.slack.api.bolt.App                   : Skipped adding any authorization middleware - you need to call `app.use(new YourOwnMultiTeamsAuthorization())`
2021-09-20 11:05:36.865  WARN 2572 --- [main] JpaBaseConfiguration$JpaWebConfiguration : spring.jpa.open-in-view is enabled by default. Therefore, database queries may be performed during view rendering. Explicitly configure spring.jpa.open-in-view to disable this warning
2021-09-20 11:05:36.939  INFO 2572 --- [WebSocketConnectReadThread-42] c.s.api.socket_mode.SocketModeClient     : New session is open
2021-09-20 11:05:37.227  INFO 2572 --- [main] o.s.b.w.embedded.tomcat.TomcatWebServer  : Tomcat started on port(s): 8000 (http) with context path ''
2021-09-20 11:05:37.245  INFO 2572 --- [main] d.t.f.FoodOrderBotApplication            : Started FoodOrderBotApplication in 3.565 seconds (JVM running for 3.991)
2021-09-20 11:06:00.001  INFO 2572 --- [scheduling-1] d.t.foodOrderBot.jobs.ScheduledJobs      : Sending out an order reminder...
2021-09-20 11:06:00.323  INFO 2572 --- [scheduling-1] dk.themacs.foodOrderBot.ClientHandler    : Successfully sent out the food order reminder
2021-09-20 11:06:00.398  INFO 2572 --- [scheduling-1] dk.themacs.foodOrderBot.ClientHandler    : Created the batch order in the database at 2021-09-20T11:06
2021-09-20 11:06:25.842  INFO 2572 --- [socket-mode-message-processor-worker-41] dk.themacs.foodOrderBot.EventHandler     : Processed order of user with ID: U02EKHGTC5T
2021-09-20 11:06:45.933  INFO 2572 --- [socket-mode-message-processor-worker-41] dk.themacs.foodOrderBot.EventHandler     : Processed order of user with ID: U02EKHGTC5T
2021-09-20 11:07:00.004  INFO 2572 --- [scheduling-1] d.t.foodOrderBot.jobs.ScheduledJobs      : Sending out the order...
2021-09-20 11:07:01.202  INFO 2572 --- [scheduling-1] dk.themacs.foodOrderBot.ClientHandler    : Successfully closed the batch order with ID: 6
2021-09-20 11:11:16.821  INFO 2572 --- [SpringApplicationShutdownHook] j.LocalContainerEntityManagerFactoryBean : Closing JPA EntityManagerFactory for persistence unit 'default'
2021-09-20 11:11:16.824  INFO 2572 --- [SpringApplicationShutdownHook] com.zaxxer.hikari.HikariDataSource       : HikariPool-1 - Shutdown initiated...
2021-09-20 11:11:16.829  INFO 2572 --- [SpringApplicationShutdownHook] com.zaxxer.hikari.HikariDataSource       : HikariPool-1 - Shutdown completed.
2021-09-20 11:11:19.405  INFO 2702 --- [main] d.t.f.FoodOrderBotApplication            : Starting FoodOrderBotApplication using Java 13.0.2 on Adams-MBP.lan with PID 2702 (/Users/adamnegaard/Desktop/foodOrderBot/build/classes/java/main started by adamnegaard in /Users/adamnegaard/Desktop/foodOrderBot)
2021-09-20 11:11:19.407  INFO 2702 --- [main] d.t.f.FoodOrderBotApplication            : No active profile set, falling back to default profiles: default
2021-09-20 11:11:20.107  INFO 2702 --- [main] .s.d.r.c.RepositoryConfigurationDelegate : Bootstrapping Spring Data JPA repositories in DEFAULT mode.
2021-09-20 11:11:20.151  INFO 2702 --- [main] .s.d.r.c.RepositoryConfigurationDelegate : Finished Spring Data repository scanning in 35 ms. Found 2 JPA repository interfaces.
2021-09-20 11:11:20.574  INFO 2702 --- [main] o.s.b.w.embedded.tomcat.TomcatWebServer  : Tomcat initialized with port(s): 8000 (http)
2021-09-20 11:11:20.581  INFO 2702 --- [main] o.apache.catalina.core.StandardService   : Starting service [Tomcat]
2021-09-20 11:11:20.581  INFO 2702 --- [main] org.apache.catalina.core.StandardEngine  : Starting Servlet engine: [Apache Tomcat/9.0.52]
2021-09-20 11:11:20.698  INFO 2702 --- [main] o.a.c.c.C.[Tomcat].[localhost].[/]       : Initializing Spring embedded WebApplicationContext
2021-09-20 11:11:20.698  INFO 2702 --- [main] w.s.c.ServletWebServerApplicationContext : Root WebApplicationContext: initialization completed in 1258 ms
2021-09-20 11:11:20.851  INFO 2702 --- [main] o.hibernate.jpa.internal.util.LogHelper  : HHH000204: Processing PersistenceUnitInfo [name: default]
2021-09-20 11:11:20.897  INFO 2702 --- [main] org.hibernate.Version                    : HHH000412: Hibernate ORM core version 5.4.32.Final
2021-09-20 11:11:21.008  INFO 2702 --- [main] o.hibernate.annotations.common.Version   : HCANN000001: Hibernate Commons Annotations {5.1.2.Final}
2021-09-20 11:11:21.101  INFO 2702 --- [main] com.zaxxer.hikari.HikariDataSource       : HikariPool-1 - Starting...
2021-09-20 11:11:21.157  INFO 2702 --- [main] com.zaxxer.hikari.HikariDataSource       : HikariPool-1 - Start completed.
2021-09-20 11:11:21.172  INFO 2702 --- [main] org.hibernate.dialect.Dialect            : HHH000400: Using dialect: org.hibernate.dialect.PostgreSQL10Dialect
2021-09-20 11:11:21.688  INFO 2702 --- [main] o.h.e.t.j.p.i.JtaPlatformInitiator       : HHH000490: Using JtaPlatform implementation: [org.hibernate.engine.transaction.jta.platform.internal.NoJtaPlatform]
2021-09-20 11:11:21.695  INFO 2702 --- [main] j.LocalContainerEntityManagerFactoryBean : Initialized JPA EntityManagerFactory for persistence unit 'default'
2021-09-20 11:11:22.608  WARN 2702 --- [main] com.slack.api.bolt.App                   : Skipped adding any authorization middleware - you need to call `app.use(new YourOwnMultiTeamsAuthorization())`
2021-09-20 11:11:22.792  WARN 2702 --- [main] JpaBaseConfiguration$JpaWebConfiguration : spring.jpa.open-in-view is enabled by default. Therefore, database queries may be performed during view rendering. Explicitly configure spring.jpa.open-in-view to disable this warning
2021-09-20 11:11:23.050  INFO 2702 --- [WebSocketConnectReadThread-46] c.s.api.socket_mode.SocketModeClient     : New session is open
2021-09-20 11:11:23.157  INFO 2702 --- [main] o.s.b.w.embedded.tomcat.TomcatWebServer  : Tomcat started on port(s): 8000 (http) with context path ''
2021-09-20 11:11:23.172  INFO 2702 --- [main] d.t.f.FoodOrderBotApplication            : Started FoodOrderBotApplication in 4.065 seconds (JVM running for 4.658)
2021-09-20 11:12:00.001  INFO 2702 --- [scheduling-1] d.t.foodOrderBot.jobs.ScheduledJobs      : Sending out an order reminder...
2021-09-20 11:12:00.387  INFO 2702 --- [scheduling-1] dk.themacs.foodOrderBot.ClientHandler    : Successfully sent out the food order reminder
2021-09-20 11:12:00.451  INFO 2702 --- [scheduling-1] dk.themacs.foodOrderBot.ClientHandler    : Created the batch order in the database at 2021-09-20T11:12
2021-09-20 11:13:00.001  INFO 2702 --- [scheduling-1] d.t.foodOrderBot.jobs.ScheduledJobs      : Sending out the order...
2021-09-20 11:13:05.287  INFO 2702 --- [scheduling-1] dk.themacs.foodOrderBot.ClientHandler    : No person orders were made on the batch for today
2021-09-20 11:13:05.375  INFO 2702 --- [SpringApplicationShutdownHook] j.LocalContainerEntityManagerFactoryBean : Closing JPA EntityManagerFactory for persistence unit 'default'
2021-09-20 11:13:05.376  INFO 2702 --- [SpringApplicationShutdownHook] com.zaxxer.hikari.HikariDataSource       : HikariPool-1 - Shutdown initiated...
2021-09-20 11:13:05.377 ERROR 2702 --- [scheduling-1] dk.themacs.foodOrderBot.ClientHandler    : Could not order the food

java.io.InterruptedIOException: null
	at okhttp3.internal.http2.Http2Stream.waitForIo(Http2Stream.java:663) ~[okhttp-3.14.9.jar:na]
	at okhttp3.internal.http2.Http2Stream.takeHeaders(Http2Stream.java:151) ~[okhttp-3.14.9.jar:na]
	at okhttp3.internal.http2.Http2ExchangeCodec.readResponseHeaders(Http2ExchangeCodec.java:136) ~[okhttp-3.14.9.jar:na]
	at okhttp3.internal.connection.Exchange.readResponseHeaders(Exchange.java:115) ~[okhttp-3.14.9.jar:na]
	at okhttp3.internal.http.CallServerInterceptor.intercept(CallServerInterceptor.java:94) ~[okhttp-3.14.9.jar:na]
	at okhttp3.internal.http.RealInterceptorChain.proceed(RealInterceptorChain.java:142) ~[okhttp-3.14.9.jar:na]
	at okhttp3.internal.connection.ConnectInterceptor.intercept(ConnectInterceptor.java:43) ~[okhttp-3.14.9.jar:na]
	at okhttp3.internal.http.RealInterceptorChain.proceed(RealInterceptorChain.java:142) ~[okhttp-3.14.9.jar:na]
	at okhttp3.internal.http.RealInterceptorChain.proceed(RealInterceptorChain.java:117) ~[okhttp-3.14.9.jar:na]
	at okhttp3.internal.cache.CacheInterceptor.intercept(CacheInterceptor.java:94) ~[okhttp-3.14.9.jar:na]
	at okhttp3.internal.http.RealInterceptorChain.proceed(RealInterceptorChain.java:142) ~[okhttp-3.14.9.jar:na]
	at okhttp3.internal.http.RealInterceptorChain.proceed(RealInterceptorChain.java:117) ~[okhttp-3.14.9.jar:na]
	at okhttp3.internal.http.BridgeInterceptor.intercept(BridgeInterceptor.java:93) ~[okhttp-3.14.9.jar:na]
	at okhttp3.internal.http.RealInterceptorChain.proceed(RealInterceptorChain.java:142) ~[okhttp-3.14.9.jar:na]
	at okhttp3.internal.http.RetryAndFollowUpInterceptor.intercept(RetryAndFollowUpInterceptor.java:88) ~[okhttp-3.14.9.jar:na]
	at okhttp3.internal.http.RealInterceptorChain.proceed(RealInterceptorChain.java:142) ~[okhttp-3.14.9.jar:na]
	at okhttp3.internal.http.RealInterceptorChain.proceed(RealInterceptorChain.java:117) ~[okhttp-3.14.9.jar:na]
	at com.slack.api.util.http.UserAgentInterceptor.intercept(UserAgentInterceptor.java:43) ~[slack-api-client-1.12.1.jar:1.12.1]
	at okhttp3.internal.http.RealInterceptorChain.proceed(RealInterceptorChain.java:142) ~[okhttp-3.14.9.jar:na]
	at okhttp3.internal.http.RealInterceptorChain.proceed(RealInterceptorChain.java:117) ~[okhttp-3.14.9.jar:na]
	at okhttp3.RealCall.getResponseWithInterceptorChain(RealCall.java:229) ~[okhttp-3.14.9.jar:na]
	at okhttp3.RealCall.execute(RealCall.java:81) ~[okhttp-3.14.9.jar:na]
	at com.slack.api.util.http.SlackHttpClient.postFormWithAuthorizationHeader(SlackHttpClient.java:179) ~[slack-api-client-1.12.1.jar:1.12.1]
	at com.slack.api.util.http.SlackHttpClient.postFormWithBearerHeader(SlackHttpClient.java:166) ~[slack-api-client-1.12.1.jar:1.12.1]
	at com.slack.api.methods.impl.MethodsClientImpl.runPostFormWithToken(MethodsClientImpl.java:2859) ~[slack-api-client-1.12.1.jar:1.12.1]
	at com.slack.api.methods.impl.MethodsClientImpl.postFormWithTokenAndParseResponse(MethodsClientImpl.java:2999) ~[slack-api-client-1.12.1.jar:1.12.1]
	at com.slack.api.methods.impl.MethodsClientImpl.chatPostMessage(MethodsClientImpl.java:1392) ~[slack-api-client-1.12.1.jar:1.12.1]
	at com.slack.api.methods.impl.MethodsClientImpl.chatPostMessage(MethodsClientImpl.java:1397) ~[slack-api-client-1.12.1.jar:1.12.1]
	at dk.themacs.foodOrderBot.ClientHandler.sendMessage(ClientHandler.java:61) ~[main/:na]
	at dk.themacs.foodOrderBot.ClientHandler.orderFood(ClientHandler.java:80) ~[main/:na]
	at dk.themacs.foodOrderBot.jobs.ScheduledJobs.sendOrderAndConfirmation(ScheduledJobs.java:35) ~[main/:na]
	at java.base/jdk.internal.reflect.NativeMethodAccessorImpl.invoke0(Native Method) ~[na:na]
	at java.base/jdk.internal.reflect.NativeMethodAccessorImpl.invoke(NativeMethodAccessorImpl.java:62) ~[na:na]
	at java.base/jdk.internal.reflect.DelegatingMethodAccessorImpl.invoke(DelegatingMethodAccessorImpl.java:43) ~[na:na]
	at java.base/java.lang.reflect.Method.invoke(Method.java:567) ~[na:na]
	at org.springframework.scheduling.support.ScheduledMethodRunnable.run(ScheduledMethodRunnable.java:84) ~[spring-context-5.3.9.jar:5.3.9]
	at org.springframework.scheduling.support.DelegatingErrorHandlingRunnable.run(DelegatingErrorHandlingRunnable.java:54) ~[spring-context-5.3.9.jar:5.3.9]
	at org.springframework.scheduling.concurrent.ReschedulingRunnable.run(ReschedulingRunnable.java:95) ~[spring-context-5.3.9.jar:5.3.9]
	at java.base/java.util.concurrent.Executors$RunnableAdapter.call(Executors.java:515) ~[na:na]
	at java.base/java.util.concurrent.FutureTask.run$$$capture(FutureTask.java:264) ~[na:na]
	at java.base/java.util.concurrent.FutureTask.run(FutureTask.java) ~[na:na]
	at java.base/java.util.concurrent.ScheduledThreadPoolExecutor$ScheduledFutureTask.run(ScheduledThreadPoolExecutor.java:304) ~[na:na]
	at java.base/java.util.concurrent.ThreadPoolExecutor.runWorker(ThreadPoolExecutor.java:1128) ~[na:na]
	at java.base/java.util.concurrent.ThreadPoolExecutor$Worker.run(ThreadPoolExecutor.java:628) ~[na:na]
	at java.base/java.lang.Thread.run(Thread.java:830) ~[na:na]

2021-09-20 11:13:05.381  INFO 2702 --- [SpringApplicationShutdownHook] com.zaxxer.hikari.HikariDataSource       : HikariPool-1 - Shutdown completed.
2021-09-20 11:13:19.854  INFO 2752 --- [main] d.t.f.FoodOrderBotApplication            : Starting FoodOrderBotApplication using Java 13.0.2 on Adams-MBP.lan with PID 2752 (/Users/adamnegaard/Desktop/foodOrderBot/build/classes/java/main started by adamnegaard in /Users/adamnegaard/Desktop/foodOrderBot)
2021-09-20 11:13:19.856  INFO 2752 --- [main] d.t.f.FoodOrderBotApplication            : No active profile set, falling back to default profiles: default
2021-09-20 11:13:20.765  INFO 2752 --- [main] .s.d.r.c.RepositoryConfigurationDelegate : Bootstrapping Spring Data JPA repositories in DEFAULT mode.
2021-09-20 11:13:20.819  INFO 2752 --- [main] .s.d.r.c.RepositoryConfigurationDelegate : Finished Spring Data repository scanning in 46 ms. Found 2 JPA repository interfaces.
2021-09-20 11:13:21.586  INFO 2752 --- [main] o.s.b.w.embedded.tomcat.TomcatWebServer  : Tomcat initialized with port(s): 8000 (http)
2021-09-20 11:13:21.594  INFO 2752 --- [main] o.apache.catalina.core.StandardService   : Starting service [Tomcat]
2021-09-20 11:13:21.594  INFO 2752 --- [main] org.apache.catalina.core.StandardEngine  : Starting Servlet engine: [Apache Tomcat/9.0.52]
2021-09-20 11:13:21.692  INFO 2752 --- [main] o.a.c.c.C.[Tomcat].[localhost].[/]       : Initializing Spring embedded WebApplicationContext
2021-09-20 11:13:21.693  INFO 2752 --- [main] w.s.c.ServletWebServerApplicationContext : Root WebApplicationContext: initialization completed in 1773 ms
2021-09-20 11:13:21.806  INFO 2752 --- [main] o.hibernate.jpa.internal.util.LogHelper  : HHH000204: Processing PersistenceUnitInfo [name: default]
2021-09-20 11:13:21.843  INFO 2752 --- [main] org.hibernate.Version                    : HHH000412: Hibernate ORM core version 5.4.32.Final
2021-09-20 11:13:21.933  INFO 2752 --- [main] o.hibernate.annotations.common.Version   : HCANN000001: Hibernate Commons Annotations {5.1.2.Final}
2021-09-20 11:13:22.001  INFO 2752 --- [main] com.zaxxer.hikari.HikariDataSource       : HikariPool-1 - Starting...
2021-09-20 11:13:22.060  INFO 2752 --- [main] com.zaxxer.hikari.HikariDataSource       : HikariPool-1 - Start completed.
2021-09-20 11:13:22.080  INFO 2752 --- [main] org.hibernate.dialect.Dialect            : HHH000400: Using dialect: org.hibernate.dialect.PostgreSQL10Dialect
2021-09-20 11:13:22.682  INFO 2752 --- [main] o.h.e.t.j.p.i.JtaPlatformInitiator       : HHH000490: Using JtaPlatform implementation: [org.hibernate.engine.transaction.jta.platform.internal.NoJtaPlatform]
2021-09-20 11:13:22.688  INFO 2752 --- [main] j.LocalContainerEntityManagerFactoryBean : Initialized JPA EntityManagerFactory for persistence unit 'default'
2021-09-20 11:13:23.550  WARN 2752 --- [main] com.slack.api.bolt.App                   : Skipped adding any authorization middleware - you need to call `app.use(new YourOwnMultiTeamsAuthorization())`
2021-09-20 11:13:23.698  WARN 2752 --- [main] JpaBaseConfiguration$JpaWebConfiguration : spring.jpa.open-in-view is enabled by default. Therefore, database queries may be performed during view rendering. Explicitly configure spring.jpa.open-in-view to disable this warning
2021-09-20 11:13:23.878  INFO 2752 --- [WebSocketConnectReadThread-50] c.s.api.socket_mode.SocketModeClient     : New session is open
2021-09-20 11:13:24.027  INFO 2752 --- [main] o.s.b.w.embedded.tomcat.TomcatWebServer  : Tomcat started on port(s): 8000 (http) with context path ''
2021-09-20 11:13:24.039  INFO 2752 --- [main] d.t.f.FoodOrderBotApplication            : Started FoodOrderBotApplication in 4.713 seconds (JVM running for 5.438)
2021-09-20 11:14:00.001  INFO 2752 --- [scheduling-1] d.t.foodOrderBot.jobs.ScheduledJobs      : Sending out an order reminder...
2021-09-20 11:14:00.329  INFO 2752 --- [scheduling-1] dk.themacs.foodOrderBot.ClientHandler    : Successfully sent out the food order reminder
2021-09-20 11:14:00.381  INFO 2752 --- [scheduling-1] dk.themacs.foodOrderBot.ClientHandler    : Created the batch order in the database at 2021-09-20T11:14
2021-09-20 11:14:28.713  INFO 2752 --- [socket-mode-message-processor-worker-49] dk.themacs.foodOrderBot.EventHandler     : Processed order of user with ID: U02EKHGTC5T
2021-09-20 11:14:38.904  INFO 2752 --- [SpringApplicationShutdownHook] j.LocalContainerEntityManagerFactoryBean : Closing JPA EntityManagerFactory for persistence unit 'default'
2021-09-20 11:14:38.906  INFO 2752 --- [SpringApplicationShutdownHook] com.zaxxer.hikari.HikariDataSource       : HikariPool-1 - Shutdown initiated...
2021-09-20 11:14:38.911  INFO 2752 --- [SpringApplicationShutdownHook] com.zaxxer.hikari.HikariDataSource       : HikariPool-1 - Shutdown completed.
2021-09-20 11:15:39.305  INFO 2800 --- [main] d.t.f.FoodOrderBotApplication            : Starting FoodOrderBotApplication using Java 13.0.2 on Adams-MBP.lan with PID 2800 (/Users/adamnegaard/Desktop/foodOrderBot/build/classes/java/main started by adamnegaard in /Users/adamnegaard/Desktop/foodOrderBot)
2021-09-20 11:15:39.307  INFO 2800 --- [main] d.t.f.FoodOrderBotApplication            : No active profile set, falling back to default profiles: default
2021-09-20 11:15:39.847  INFO 2800 --- [main] .s.d.r.c.RepositoryConfigurationDelegate : Bootstrapping Spring Data JPA repositories in DEFAULT mode.
2021-09-20 11:15:39.902  INFO 2800 --- [main] .s.d.r.c.RepositoryConfigurationDelegate : Finished Spring Data repository scanning in 49 ms. Found 2 JPA repository interfaces.
2021-09-20 11:15:40.262  INFO 2800 --- [main] o.s.b.w.embedded.tomcat.TomcatWebServer  : Tomcat initialized with port(s): 8000 (http)
2021-09-20 11:15:40.267  INFO 2800 --- [main] o.apache.catalina.core.StandardService   : Starting service [Tomcat]
2021-09-20 11:15:40.267  INFO 2800 --- [main] org.apache.catalina.core.StandardEngine  : Starting Servlet engine: [Apache Tomcat/9.0.52]
2021-09-20 11:15:40.327  INFO 2800 --- [main] o.a.c.c.C.[Tomcat].[localhost].[/]       : Initializing Spring embedded WebApplicationContext
2021-09-20 11:15:40.328  INFO 2800 --- [main] w.s.c.ServletWebServerApplicationContext : Root WebApplicationContext: initialization completed in 994 ms
2021-09-20 11:15:40.418  INFO 2800 --- [main] o.hibernate.jpa.internal.util.LogHelper  : HHH000204: Processing PersistenceUnitInfo [name: default]
2021-09-20 11:15:40.440  INFO 2800 --- [main] org.hibernate.Version                    : HHH000412: Hibernate ORM core version 5.4.32.Final
2021-09-20 11:15:40.527  INFO 2800 --- [main] o.hibernate.annotations.common.Version   : HCANN000001: Hibernate Commons Annotations {5.1.2.Final}
2021-09-20 11:15:40.608  INFO 2800 --- [main] com.zaxxer.hikari.HikariDataSource       : HikariPool-1 - Starting...
2021-09-20 11:15:40.664  INFO 2800 --- [main] com.zaxxer.hikari.HikariDataSource       : HikariPool-1 - Start completed.
2021-09-20 11:15:40.678  INFO 2800 --- [main] org.hibernate.dialect.Dialect            : HHH000400: Using dialect: org.hibernate.dialect.PostgreSQL10Dialect
2021-09-20 11:15:41.064  INFO 2800 --- [main] o.h.e.t.j.p.i.JtaPlatformInitiator       : HHH000490: Using JtaPlatform implementation: [org.hibernate.engine.transaction.jta.platform.internal.NoJtaPlatform]
2021-09-20 11:15:41.069  INFO 2800 --- [main] j.LocalContainerEntityManagerFactoryBean : Initialized JPA EntityManagerFactory for persistence unit 'default'
2021-09-20 11:15:41.833  WARN 2800 --- [main] com.slack.api.bolt.App                   : Skipped adding any authorization middleware - you need to call `app.use(new YourOwnMultiTeamsAuthorization())`
2021-09-20 11:15:41.968  WARN 2800 --- [main] JpaBaseConfiguration$JpaWebConfiguration : spring.jpa.open-in-view is enabled by default. Therefore, database queries may be performed during view rendering. Explicitly configure spring.jpa.open-in-view to disable this warning
2021-09-20 11:15:42.159  INFO 2800 --- [WebSocketConnectReadThread-43] c.s.api.socket_mode.SocketModeClient     : New session is open
2021-09-20 11:15:42.190  INFO 2800 --- [main] o.s.b.w.embedded.tomcat.TomcatWebServer  : Tomcat started on port(s): 8000 (http) with context path ''
2021-09-20 11:15:42.203  INFO 2800 --- [main] d.t.f.FoodOrderBotApplication            : Started FoodOrderBotApplication in 3.141 seconds (JVM running for 3.529)
2021-09-20 11:16:00.000  INFO 2800 --- [scheduling-1] d.t.foodOrderBot.jobs.ScheduledJobs      : Sending out an order reminder...
2021-09-20 11:16:00.317  INFO 2800 --- [scheduling-1] dk.themacs.foodOrderBot.ClientHandler    : Successfully sent out the food order reminder
2021-09-20 11:16:00.383  INFO 2800 --- [scheduling-1] dk.themacs.foodOrderBot.ClientHandler    : Created the batch order in the database at 2021-09-20T11:16
2021-09-20 11:16:11.772  INFO 2800 --- [socket-mode-message-processor-worker-42] dk.themacs.foodOrderBot.EventHandler     : Processed order of user with ID: U02EKHGTC5T
2021-09-20 11:16:40.873  INFO 2800 --- [socket-mode-message-processor-worker-42] dk.themacs.foodOrderBot.EventHandler     : Processed order of user with ID: U02EKHGTC5T
2021-09-20 11:16:51.862  INFO 2800 --- [socket-mode-message-processor-worker-42] dk.themacs.foodOrderBot.EventHandler     : Processed order of user with ID: U02EKHGTC5T
2021-09-20 11:16:59.326  INFO 2800 --- [socket-mode-message-processor-worker-42] dk.themacs.foodOrderBot.EventHandler     : Processed order of user with ID: U02EKHGTC5T
2021-09-20 11:17:10.015  INFO 2800 --- [socket-mode-message-processor-worker-42] dk.themacs.foodOrderBot.EventHandler     : Processed order of user with ID: U02EKHGTC5T
2021-09-20 11:17:17.709  INFO 2800 --- [socket-mode-message-processor-worker-42] dk.themacs.foodOrderBot.EventHandler     : Processed order of user with ID: U02EKHGTC5T
2021-09-20 11:17:22.747 ERROR 2800 --- [socket-mode-message-processor-worker-42] dk.themacs.foodOrderBot.EventHandler     : Unknown error processing order of user with ID: U02EKHGTC5T

java.lang.Exception: Uknown command: ?kosteost
	at dk.themacs.foodOrderBot.EventHandler.handleUnknownCommand(EventHandler.java:95) ~[main/:na]
	at dk.themacs.foodOrderBot.EventHandler.handleCommand(EventHandler.java:72) ~[main/:na]
	at dk.themacs.foodOrderBot.EventHandler.handleOrderProcessing(EventHandler.java:49) ~[main/:na]
	at dk.themacs.foodOrderBot.config.SlackSetup.lambda$initSlackClient$0(SlackSetup.java:31) ~[main/:na]
	at com.slack.api.bolt.App.runHandler(App.java:1071) ~[bolt-1.12.1.jar:1.12.1]
	at com.slack.api.bolt.App.lambda$runMiddleware$3(App.java:983) ~[bolt-1.12.1.jar:1.12.1]
	at com.slack.api.bolt.middleware.builtin.IgnoringSelfEvents.apply(IgnoringSelfEvents.java:66) ~[bolt-1.12.1.jar:1.12.1]
	at com.slack.api.bolt.App.runMiddleware(App.java:983) ~[bolt-1.12.1.jar:1.12.1]
	at com.slack.api.bolt.App.lambda$runMiddleware$4(App.java:986) ~[bolt-1.12.1.jar:1.12.1]
	at com.slack.api.bolt.middleware.builtin.RequestVerification.apply(RequestVerification.java:27) ~[bolt-1.12.1.jar:1.12.1]
	at com.slack.api.bolt.App.runMiddleware(App.java:986) ~[bolt-1.12.1.jar:1.12.1]
	at com.slack.api.bolt.App.lambda$runMiddleware$4(App.java:986) ~[bolt-1.12.1.jar:1.12.1]
	at com.slack.api.bolt.middleware.builtin.SSLCheck.apply(SSLCheck.java:51) ~[bolt-1.12.1.jar:1.12.1]
	at com.slack.api.bolt.App.runMiddleware(App.java:986) ~[bolt-1.12.1.jar:1.12.1]
	at com.slack.api.bolt.App.run(App.java:575) ~[bolt-1.12.1.jar:1.12.1]
	at com.slack.api.bolt.socket_mode.SocketModeApp.lambda$buildSocketModeClient$0(SocketModeApp.java:37) ~[bolt-socket-mode-1.12.1.jar:1.12.1]
	at com.slack.api.socket_mode.SocketModeClient.processMessage(SocketModeClient.java:355) ~[slack-api-client-1.12.1.jar:1.12.1]
	at com.slack.api.socket_mode.SocketModeClient.lambda$initializeMessageProcessorExecutor$0(SocketModeClient.java:157) ~[slack-api-client-1.12.1.jar:1.12.1]
	at java.base/java.util.concurrent.Executors$RunnableAdapter.call(Executors.java:515) ~[na:na]
	at java.base/java.util.concurrent.FutureTask.runAndReset(FutureTask.java:305) ~[na:na]
	at java.base/java.util.concurrent.ScheduledThreadPoolExecutor$ScheduledFutureTask.run(ScheduledThreadPoolExecutor.java:305) ~[na:na]
	at java.base/java.util.concurrent.ThreadPoolExecutor.runWorker(ThreadPoolExecutor.java:1128) ~[na:na]
	at java.base/java.util.concurrent.ThreadPoolExecutor$Worker.run(ThreadPoolExecutor.java:628) ~[na:na]
	at java.base/java.lang.Thread.run(Thread.java:830) ~[na:na]

2021-09-20 11:17:46.181  INFO 2800 --- [socket-mode-message-processor-worker-42] dk.themacs.foodOrderBot.EventHandler     : Processed order of user with ID: U02EKHGTC5T
2021-09-20 11:18:00.002  INFO 2800 --- [scheduling-1] d.t.foodOrderBot.jobs.ScheduledJobs      : Sending out the order...
2021-09-20 11:18:00.954  INFO 2800 --- [scheduling-1] dk.themacs.foodOrderBot.ClientHandler    : Successfully closed the batch order with ID: 11
